Change Physical Footprint: Designator=C1 Old Footprint=NonPolar-0402 New Footprint=NonPolar-0402
Change Physical Footprint: Designator=C2 Old Footprint=NonPolar-0603 New Footprint=NonPolar-0603
Change Physical Footprint: Designator=C3 Old Footprint=NonPolar-0603 New Footprint=NonPolar-0603
Change Physical Footprint: Designator=C4 Old Footprint=NonPolar-0603 New Footprint=NonPolar-0603
Change Physical Footprint: Designator=C5 Old Footprint=NonPolar-0603 New Footprint=NonPolar-0603
Change Physical Footprint: Designator=C6 Old Footprint=NonPolar-0603 New Footprint=NonPolar-0603
Change Physical Footprint: Designator=C7 Old Footprint=NonPolar-0603 New Footprint=NonPolar-0603
Change Physical Footprint: Designator=C8 Old Footprint=NonPolar-0603 New Footprint=NonPolar-0603
Change Physical Footprint: Designator=C9 Old Footprint=NonPolar-0603 New Footprint=NonPolar-0603
Change Physical Footprint: Designator=C10 Old Footprint=NonPolar-0402 New Footprint=NonPolar-0402
Change Physical Footprint: Designator=C11 Old Footprint=NonPolar-0402 New Footprint=NonPolar-0402
Change Physical Footprint: Designator=C12 Old Footprint=NonPolar-0805 New Footprint=NonPolar-0805
Change Physical Footprint: Designator=C13 Old Footprint=NonPolar-0805 New Footprint=NonPolar-0805
Change Physical Footprint: Designator=C14 Old Footprint=NonPolar-0402 New Footprint=NonPolar-0402
Change Physical Footprint: Designator=C15 Old Footprint=NonPolar-0402 New Footprint=NonPolar-0402
Change Physical Footprint: Designator=C16 Old Footprint=NonPolar-0402 New Footprint=NonPolar-0402
Change Physical Footprint: Designator=C17 Old Footprint=NonPolar-0402 New Footprint=NonPolar-0402
Change Physical Footprint: Designator=C18 Old Footprint=NonPolar-0402 New Footprint=NonPolar-0402
Change Physical Footprint: Designator=C19 Old Footprint=NonPolar-0402 New Footprint=NonPolar-0402
Change Physical Footprint: Designator=C20 Old Footprint=NonPolar-0402 New Footprint=NonPolar-0402
Change Physical Footprint: Designator=J1 Old Footprint=1824653 New Footprint=1824653
Change Physical Footprint: Designator=LED1 Old Footprint=RGB_LED_19-337 New Footprint=RGB_LED_19-337
Change Physical Footprint: Designator=LED2 Old Footprint=RGB_LED_19-337 New Footprint=RGB_LED_19-337
Change Physical Footprint: Designator=LED3 Old Footprint=RGB_LED_19-337 New Footprint=RGB_LED_19-337
Change Physical Footprint: Designator=LED4 Old Footprint=LED-0603 New Footprint=LED-0603
Change Physical Footprint: Designator=LED5 Old Footprint=LED-0603 New Footprint=LED-0603
Change Physical Footprint: Designator=P1 Old Footprint=HDR1X2 New Footprint=HDR1X2
Change Physical Footprint: Designator=P2 Old Footprint=HDR1X2 New Footprint=HDR1X2
Change Physical Footprint: Designator=P3 Old Footprint=HDR1X2 New Footprint=HDR1X2
Change Physical Footprint: Designator=P4 Old Footprint=HDR1X2 New Footprint=HDR1X2
Change Physical Footprint: Designator=P5 Old Footprint=HDR1X6 New Footprint=HDR1X6
Change Physical Footprint: Designator=P6 Old Footprint=HDR1X2 New Footprint=HDR1X2
Change Physical Footprint: Designator=P7 Old Footprint=HDR1X3 New Footprint=HDR1X3
Change Physical Footprint: Designator=P8 Old Footprint=HDR1X2 New Footprint=HDR1X2
Change Physical Footprint: Designator=P9 Old Footprint=HDR1X2 New Footprint=HDR1X2
Change Physical Footprint: Designator=P10 Old Footprint=HDR1X2 New Footprint=HDR1X2
Change Physical Footprint: Designator=P11 Old Footprint=HDR1X2 New Footprint=HDR1X2
Change Physical Footprint: Designator=Q1 Old Footprint=BSS138-SOT23 New Footprint=BSS138-SOT23
Change Physical Footprint: Designator=Q2 Old Footprint=BSS138-SOT23 New Footprint=BSS138-SOT23
Change Physical Footprint: Designator=Q3 Old Footprint=BSS138-SOT23 New Footprint=BSS138-SOT23
Change Physical Footprint: Designator=Q4 Old Footprint=P_Channel_DMG3415UFY4Q-7_attempt1 New Footprint=P_Channel_DMG3415UFY4Q-7_attempt1
Change Physical Footprint: Designator=R1 Old Footprint=NonPolar-0603 New Footprint=NonPolar-0603
Change Physical Footprint: Designator=R2 Old Footprint=NonPolar-0603 New Footprint=NonPolar-0603
Change Physical Footprint: Designator=R3 Old Footprint=NonPolar-0603 New Footprint=NonPolar-0603
Change Physical Footprint: Designator=R4 Old Footprint=NonPolar-0603 New Footprint=NonPolar-0603
Change Physical Footprint: Designator=R5 Old Footprint=NonPolar-0603 New Footprint=NonPolar-0603
Change Physical Footprint: Designator=R6 Old Footprint=NonPolar-0603 New Footprint=NonPolar-0603
Change Physical Footprint: Designator=R7 Old Footprint=NonPolar-0603 New Footprint=NonPolar-0603
Change Physical Footprint: Designator=R8 Old Footprint=NonPolar-0603 New Footprint=NonPolar-0603
Change Physical Footprint: Designator=R9 Old Footprint=NonPolar-0603 New Footprint=NonPolar-0603
Change Physical Footprint: Designator=R10 Old Footprint=NonPolar-0603 New Footprint=NonPolar-0603
Change Physical Footprint: Designator=R11 Old Footprint=NonPolar-0603 New Footprint=NonPolar-0603
Change Physical Footprint: Designator=R12 Old Footprint=NonPolar-0603 New Footprint=NonPolar-0603
Change Physical Footprint: Designator=R13 Old Footprint=NonPolar-0603 New Footprint=NonPolar-0603
Change Physical Footprint: Designator=R14 Old Footprint=NonPolar-0603 New Footprint=NonPolar-0603
Change Physical Footprint: Designator=R15 Old Footprint=NonPolar-0603 New Footprint=NonPolar-0603
Change Physical Footprint: Designator=R16 Old Footprint=NonPolar-0603 New Footprint=NonPolar-0603
Change Physical Footprint: Designator=R17 Old Footprint=NonPolar-0603 New Footprint=NonPolar-0603
Change Physical Footprint: Designator=R18 Old Footprint=NonPolar-0603 New Footprint=NonPolar-0603
Change Physical Footprint: Designator=R19 Old Footprint=NonPolar-0603 New Footprint=NonPolar-0603
Change Physical Footprint: Designator=R20 Old Footprint=NonPolar-0603 New Footprint=NonPolar-0603
Change Physical Footprint: Designator=R21 Old Footprint=NonPolar-0603 New Footprint=NonPolar-0603
Change Physical Footprint: Designator=R22 Old Footprint=NonPolar-0603 New Footprint=NonPolar-0603
Change Physical Footprint: Designator=R23 Old Footprint=NonPolar-0603 New Footprint=NonPolar-0603
Change Physical Footprint: Designator=R24 Old Footprint=NonPolar-0603 New Footprint=NonPolar-0603
Change Physical Footprint: Designator=R25 Old Footprint=NonPolar-0603 New Footprint=NonPolar-0603
Change Physical Footprint: Designator=S1 Old Footprint=Switch - 147873-1 New Footprint=Switch - 147873-1
Change Physical Footprint: Designator=TP1 Old Footprint=TP - S2751-46R New Footprint=TP - S2751-46R
Change Physical Footprint: Designator=TP2 Old Footprint=TP - S2751-46R New Footprint=TP - S2751-46R
Change Physical Footprint: Designator=TP3 Old Footprint=TP - S2751-46R New Footprint=TP - S2751-46R
Change Physical Footprint: Designator=TP4 Old Footprint=TP - S2751-46R New Footprint=TP - S2751-46R
Change Physical Footprint: Designator=TP5 Old Footprint=TP - S2751-46R New Footprint=TP - S2751-46R
Change Physical Footprint: Designator=TP6 Old Footprint=TP - S2751-46R New Footprint=TP - S2751-46R
Change Physical Footprint: Designator=TP7 Old Footprint=TP - S2751-46R New Footprint=TP - S2751-46R
Change Physical Footprint: Designator=TP8 Old Footprint=TP - S2751-46R New Footprint=TP - S2751-46R
Change Physical Footprint: Designator=TP9 Old Footprint=TP - S2751-46R New Footprint=TP - S2751-46R
Change Physical Footprint: Designator=U2 Old Footprint=HDC2080 New Footprint=HDC2080
Change Physical Footprint: Designator=U3 Old Footprint=MAXM-MAX485CSA+-8_M New Footprint=MAXM-MAX485CSA+-8_M
Change Physical Footprint: Designator=U4 Old Footprint=LP2992IM5-5.0/NOPB New Footprint=LP2992IM5-5.0/NOPB
Change Physical Footprint: Designator=U5 Old Footprint=TPS73533DRVT New Footprint=TPS73533DRVT
Change Physical Footprint: Designator=Y1 Old Footprint=12MHz_DSC1001DE2-012.0000 New Footprint=12MHz_DSC1001DE2-012.0000
Change Physical Footprint: Designator=Y2 Old Footprint=32.768kHz_DSC6083JE2A-032K768 New Footprint=32.768kHz_DSC6083JE2A-032K768
