Added Component: Designator=C1(NonPolar-0402)
Add component. Clean all parameters for all variants
Added Component: Designator=C2(NonPolar-0603)
Add component. Clean all parameters for all variants
Added Component: Designator=C3(NonPolar-0603)
Add component. Clean all parameters for all variants
Added Component: Designator=C4(NonPolar-0603)
Add component. Clean all parameters for all variants
Added Component: Designator=C5(NonPolar-0603)
Add component. Clean all parameters for all variants
Added Component: Designator=C6(NonPolar-0603)
Add component. Clean all parameters for all variants
Added Component: Designator=C7(NonPolar-0603)
Add component. Clean all parameters for all variants
Added Component: Designator=C8(NonPolar-0603)
Add component. Clean all parameters for all variants
Added Component: Designator=C9(NonPolar-0603)
Add component. Clean all parameters for all variants
Added Component: Designator=C10(NonPolar-0402)
Add component. Clean all parameters for all variants
Added Component: Designator=C11(NonPolar-0402)
Add component. Clean all parameters for all variants
Added Component: Designator=C12(NonPolar-0805)
Add component. Clean all parameters for all variants
Added Component: Designator=C13(NonPolar-0805)
Add component. Clean all parameters for all variants
Added Component: Designator=C14(NonPolar-0402)
Add component. Clean all parameters for all variants
Added Component: Designator=C15(NonPolar-0402)
Add component. Clean all parameters for all variants
Added Component: Designator=C16(NonPolar-0402)
Add component. Clean all parameters for all variants
Added Component: Designator=C17(NonPolar-0402)
Add component. Clean all parameters for all variants
Added Component: Designator=C18(NonPolar-0402)
Add component. Clean all parameters for all variants
Added Component: Designator=C19(NonPolar-0402)
Add component. Clean all parameters for all variants
Added Component: Designator=C20(NonPolar-0402)
Add component. Clean all parameters for all variants
Added Component: Designator=J1(1824653)
Add component. Clean all parameters for all variants
Added Component: Designator=LED1(RGB_LED_19-337)
Add component. Clean all parameters for all variants
Added Component: Designator=LED2(RGB_LED_19-337)
Add component. Clean all parameters for all variants
Added Component: Designator=LED3(RGB_LED_19-337)
Add component. Clean all parameters for all variants
Added Component: Designator=LED4(LED-0603)
Add component. Clean all parameters for all variants
Added Component: Designator=LED5(LED-0603)
Add component. Clean all parameters for all variants
Added Component: Designator=P1(HDR1X2)
Add component. Clean all parameters for all variants
Add component (AddParameter): Name = "LatestRevisionDate"; Value = "17-Jul-2002"; VariantName = "[No Variations]"
Add component (AddParameter): Name = "LatestRevisionNote"; Value = "Re-released for DXP Platform."; VariantName = "[No Variations]"
Add component (AddParameter): Name = "Publisher"; Value = "Altium Limited"; VariantName = "[No Variations]"
Added Component: Designator=P2(HDR1X2)
Add component. Clean all parameters for all variants
Add component (AddParameter): Name = "LatestRevisionDate"; Value = "17-Jul-2002"; VariantName = "[No Variations]"
Add component (AddParameter): Name = "LatestRevisionNote"; Value = "Re-released for DXP Platform."; VariantName = "[No Variations]"
Add component (AddParameter): Name = "Publisher"; Value = "Altium Limited"; VariantName = "[No Variations]"
Added Component: Designator=P3(HDR1X2)
Add component. Clean all parameters for all variants
Add component (AddParameter): Name = "LatestRevisionDate"; Value = "17-Jul-2002"; VariantName = "[No Variations]"
Add component (AddParameter): Name = "LatestRevisionNote"; Value = "Re-released for DXP Platform."; VariantName = "[No Variations]"
Add component (AddParameter): Name = "Publisher"; Value = "Altium Limited"; VariantName = "[No Variations]"
Added Component: Designator=P4(HDR1X2)
Add component. Clean all parameters for all variants
Add component (AddParameter): Name = "LatestRevisionDate"; Value = "17-Jul-2002"; VariantName = "[No Variations]"
Add component (AddParameter): Name = "LatestRevisionNote"; Value = "Re-released for DXP Platform."; VariantName = "[No Variations]"
Add component (AddParameter): Name = "Publisher"; Value = "Altium Limited"; VariantName = "[No Variations]"
Added Component: Designator=P5(HDR1X6)
Add component. Clean all parameters for all variants
Add component (AddParameter): Name = "LatestRevisionDate"; Value = "17-Jul-2002"; VariantName = "[No Variations]"
Add component (AddParameter): Name = "LatestRevisionNote"; Value = "Re-released for DXP Platform."; VariantName = "[No Variations]"
Add component (AddParameter): Name = "Publisher"; Value = "Altium Limited"; VariantName = "[No Variations]"
Added Component: Designator=P6(HDR1X2)
Add component. Clean all parameters for all variants
Add component (AddParameter): Name = "LatestRevisionDate"; Value = "17-Jul-2002"; VariantName = "[No Variations]"
Add component (AddParameter): Name = "LatestRevisionNote"; Value = "Re-released for DXP Platform."; VariantName = "[No Variations]"
Add component (AddParameter): Name = "Publisher"; Value = "Altium Limited"; VariantName = "[No Variations]"
Added Component: Designator=P7(HDR1X3)
Add component. Clean all parameters for all variants
Add component (AddParameter): Name = "LatestRevisionDate"; Value = "17-Jul-2002"; VariantName = "[No Variations]"
Add component (AddParameter): Name = "LatestRevisionNote"; Value = "Re-released for DXP Platform."; VariantName = "[No Variations]"
Add component (AddParameter): Name = "Publisher"; Value = "Altium Limited"; VariantName = "[No Variations]"
Added Component: Designator=P8(HDR1X2)
Add component. Clean all parameters for all variants
Add component (AddParameter): Name = "LatestRevisionDate"; Value = "17-Jul-2002"; VariantName = "[No Variations]"
Add component (AddParameter): Name = "LatestRevisionNote"; Value = "Re-released for DXP Platform."; VariantName = "[No Variations]"
Add component (AddParameter): Name = "Publisher"; Value = "Altium Limited"; VariantName = "[No Variations]"
Added Component: Designator=P9(HDR1X2)
Add component. Clean all parameters for all variants
Add component (AddParameter): Name = "LatestRevisionDate"; Value = "17-Jul-2002"; VariantName = "[No Variations]"
Add component (AddParameter): Name = "LatestRevisionNote"; Value = "Re-released for DXP Platform."; VariantName = "[No Variations]"
Add component (AddParameter): Name = "Publisher"; Value = "Altium Limited"; VariantName = "[No Variations]"
Added Component: Designator=P10(HDR1X2)
Add component. Clean all parameters for all variants
Add component (AddParameter): Name = "LatestRevisionDate"; Value = "17-Jul-2002"; VariantName = "[No Variations]"
Add component (AddParameter): Name = "LatestRevisionNote"; Value = "Re-released for DXP Platform."; VariantName = "[No Variations]"
Add component (AddParameter): Name = "Publisher"; Value = "Altium Limited"; VariantName = "[No Variations]"
Added Component: Designator=P11(HDR1X2)
Add component. Clean all parameters for all variants
Add component (AddParameter): Name = "LatestRevisionDate"; Value = "17-Jul-2002"; VariantName = "[No Variations]"
Add component (AddParameter): Name = "LatestRevisionNote"; Value = "Re-released for DXP Platform."; VariantName = "[No Variations]"
Add component (AddParameter): Name = "Publisher"; Value = "Altium Limited"; VariantName = "[No Variations]"
Added Component: Designator=Q1(BSS138-SOT23)
Add component. Clean all parameters for all variants
Added Component: Designator=Q2(BSS138-SOT23)
Add component. Clean all parameters for all variants
Added Component: Designator=Q3(BSS138-SOT23)
Add component. Clean all parameters for all variants
Added Component: Designator=Q4(P_Channel_DMG3415UFY4Q-7_attempt1)
Add component. Clean all parameters for all variants
Added Component: Designator=R1(NonPolar-0603)
Add component. Clean all parameters for all variants
Added Component: Designator=R2(NonPolar-0603)
Add component. Clean all parameters for all variants
Added Component: Designator=R3(NonPolar-0603)
Add component. Clean all parameters for all variants
Added Component: Designator=R4(NonPolar-0603)
Add component. Clean all parameters for all variants
Added Component: Designator=R5(NonPolar-0603)
Add component. Clean all parameters for all variants
Added Component: Designator=R6(NonPolar-0603)
Add component. Clean all parameters for all variants
Added Component: Designator=R7(NonPolar-0603)
Add component. Clean all parameters for all variants
Added Component: Designator=R8(NonPolar-0603)
Add component. Clean all parameters for all variants
Added Component: Designator=R9(NonPolar-0603)
Add component. Clean all parameters for all variants
Added Component: Designator=R10(NonPolar-0603)
Add component. Clean all parameters for all variants
Added Component: Designator=R11(NonPolar-0603)
Add component. Clean all parameters for all variants
Added Component: Designator=R12(NonPolar-0603)
Add component. Clean all parameters for all variants
Added Component: Designator=R13(NonPolar-0603)
Add component. Clean all parameters for all variants
Added Component: Designator=R14(NonPolar-0603)
Add component. Clean all parameters for all variants
Added Component: Designator=R15(NonPolar-0603)
Add component. Clean all parameters for all variants
Added Component: Designator=R16(NonPolar-0603)
Add component. Clean all parameters for all variants
Added Component: Designator=R17(NonPolar-0603)
Add component. Clean all parameters for all variants
Added Component: Designator=R18(NonPolar-0603)
Add component. Clean all parameters for all variants
Added Component: Designator=R19(NonPolar-0603)
Add component. Clean all parameters for all variants
Added Component: Designator=R20(NonPolar-0603)
Add component. Clean all parameters for all variants
Added Component: Designator=R21(NonPolar-0603)
Add component. Clean all parameters for all variants
Added Component: Designator=R22(NonPolar-0603)
Add component. Clean all parameters for all variants
Added Component: Designator=R23(NonPolar-0603)
Add component. Clean all parameters for all variants
Added Component: Designator=R24(NonPolar-0603)
Add component. Clean all parameters for all variants
Added Component: Designator=S1(Switch - 147873-1)
Add component. Clean all parameters for all variants
Added Component: Designator=TP1(TP - S2751-46R)
Add component. Clean all parameters for all variants
Added Component: Designator=TP2(TP - S2751-46R)
Add component. Clean all parameters for all variants
Added Component: Designator=TP3(TP - S2751-46R)
Add component. Clean all parameters for all variants
Added Component: Designator=TP4(TP - S2751-46R)
Add component. Clean all parameters for all variants
Added Component: Designator=TP5(TP - S2751-46R)
Add component. Clean all parameters for all variants
Added Component: Designator=TP6(TP - S2751-46R)
Add component. Clean all parameters for all variants
Added Component: Designator=TP7(TP - S2751-46R)
Add component. Clean all parameters for all variants
Added Component: Designator=TP8(TP - S2751-46R)
Add component. Clean all parameters for all variants
Added Component: Designator=TP9(TP - S2751-46R)
Add component. Clean all parameters for all variants
Added Component: Designator=U1(PIC32MK0512GPD064)
Add component. Clean all parameters for all variants
Added Component: Designator=U3(MAXM-MAX485CSA+-8_M)
Add component. Clean all parameters for all variants
Add component (AddParameter): Name = "Base Number"; Value = "485"; VariantName = "[No Variations]"
Add component (AddParameter): Name = "Data Rate"; Value = "2.5Mbps"; VariantName = "[No Variations]"
Add component (AddParameter): Name = "Datasheet URL"; Value = "https://datasheet.ciiva.com/29306/170071-da-01-en-ic-max485csa-so8-29306144.pdf"; VariantName = "[No Variations]"
Add component (AddParameter): Name = "Datasheet Version"; Value = "Rev. 8, 10/2003"; VariantName = "[No Variations]"
Add component (AddParameter): Name = "Device Marking"; Value = "MAX485CSA+"; VariantName = "[No Variations]"
Add component (AddParameter): Name = "Device Type"; Value = "Transceiver"; VariantName = "[No Variations]"
Add component (AddParameter): Name = "Digital IC Case Style"; Value = "SOIC"; VariantName = "[No Variations]"
Add component (AddParameter): Name = "Driver Case Style"; Value = "SOIC"; VariantName = "[No Variations]"
Add component (AddParameter): Name = "IC Generic Number"; Value = "485"; VariantName = "[No Variations]"
Add component (AddParameter): Name = "IC Temperature Range"; Value = "Commercial"; VariantName = "[No Variations]"
Add component (AddParameter): Name = "Interface"; Value = "RS-422/RS-485"; VariantName = "[No Variations]"
Add component (AddParameter): Name = "Interface Type"; Value = "RS422,RS485"; VariantName = "[No Variations]"
Add component (AddParameter): Name = "Line / Bus Driver / Receiver / Transceiver Type"; Value = "CMOSDifferential"; VariantName = "[No Variations]"
Add component (AddParameter): Name = "Logic Function Number"; Value = "485"; VariantName = "[No Variations]"
Add component (AddParameter): Name = "Manufacturer"; Value = "Maxim"; VariantName = "[No Variations]"
Add component (AddParameter): Name = "Manufacturer URL"; Value = "http://www.maximintegrated.com/"; VariantName = "[No Variations]"
Add component (AddParameter): Name = "No. of Drivers"; Value = "1"; VariantName = "[No Variations]"
Add component (AddParameter): Name = "No. of Pins"; Value = "8"; VariantName = "[No Variations]"
Add component (AddParameter): Name = "No. of Receivers"; Value = "1"; VariantName = "[No Variations]"
Add component (AddParameter): Name = "Operating Temperature Max"; Value = "70degC"; VariantName = "[No Variations]"
Add component (AddParameter): Name = "Operating Temperature Min"; Value = "0degC"; VariantName = "[No Variations]"
Add component (AddParameter): Name = "Operating Temperature Range"; Value = "0degCto+70degC"; VariantName = "[No Variations]"
Add component (AddParameter): Name = "Package / Case"; Value = "SOIC"; VariantName = "[No Variations]"
Add component (AddParameter): Name = "Supply Current"; Value = "500µA"; VariantName = "[No Variations]"
Add component (AddParameter): Name = "Supply Voltage Max"; Value = "5.25V"; VariantName = "[No Variations]"
Add component (AddParameter): Name = "Supply Voltage Min"; Value = "4.75V"; VariantName = "[No Variations]"
Add component (AddParameter): Name = "Supply Voltage Range"; Value = "4.75Vto5.25V"; VariantName = "[No Variations]"
Add component (AddParameter): Name = "Transceiver Type"; Value = "Differential"; VariantName = "[No Variations]"
Added Component: Designator=U4(LP2992IM5-5.0/NOPB)
Add component. Clean all parameters for all variants
Added Component: Designator=U5(TPS73533DRVT)
Add component. Clean all parameters for all variants
Added Component: Designator=Y1(12MHz_DSC1001DE2-012.0000)
Add component. Clean all parameters for all variants
Added Component: Designator=Y2(32.768kHz_DSC6083JE2A-032K768)
Add component. Clean all parameters for all variants
Added Pin To Net: NetName=+V Pin=P8-1
Added Pin To Net: NetName=+V Pin=Q4-3
Added Net: Name=+V
Added Pin To Net: NetName=3V3DC Pin=C1-2
Added Pin To Net: NetName=3V3DC Pin=C2-2
Added Pin To Net: NetName=3V3DC Pin=C3-2
Added Pin To Net: NetName=3V3DC Pin=C4-2
Added Pin To Net: NetName=3V3DC Pin=C5-2
Added Pin To Net: NetName=3V3DC Pin=C6-2
Added Pin To Net: NetName=3V3DC Pin=C7-2
Added Pin To Net: NetName=3V3DC Pin=C8-2
Added Pin To Net: NetName=3V3DC Pin=C9-2
Added Pin To Net: NetName=3V3DC Pin=C20-2
Added Pin To Net: NetName=3V3DC Pin=P2-2
Added Pin To Net: NetName=3V3DC Pin=P3-2
Added Pin To Net: NetName=3V3DC Pin=P4-2
Added Pin To Net: NetName=3V3DC Pin=P5-2
Added Pin To Net: NetName=3V3DC Pin=P11-1
Added Pin To Net: NetName=3V3DC Pin=R1-2
Added Pin To Net: NetName=3V3DC Pin=R2-2
Added Pin To Net: NetName=3V3DC Pin=R17-2
Added Pin To Net: NetName=3V3DC Pin=U1-10
Added Pin To Net: NetName=3V3DC Pin=U1-19
Added Pin To Net: NetName=3V3DC Pin=U1-26
Added Pin To Net: NetName=3V3DC Pin=U1-35
Added Pin To Net: NetName=3V3DC Pin=U1-38
Added Pin To Net: NetName=3V3DC Pin=U1-42
Added Pin To Net: NetName=3V3DC Pin=U1-57
Added Pin To Net: NetName=3V3DC Pin=Y1-1
Added Pin To Net: NetName=3V3DC Pin=Y1-4
Added Pin To Net: NetName=3V3DC Pin=Y2-4
Added Net: Name=3V3DC
Added Pin To Net: NetName=5VDC Pin=C11-2
Added Pin To Net: NetName=5VDC Pin=P10-1
Added Pin To Net: NetName=5VDC Pin=R20-2
Added Pin To Net: NetName=5VDC Pin=R21-2
Added Pin To Net: NetName=5VDC Pin=R22-2
Added Pin To Net: NetName=5VDC Pin=R23-2
Added Pin To Net: NetName=5VDC Pin=U3-8
Added Net: Name=5VDC
Added Pin To Net: NetName=6V5DC Pin=C14-2
Added Pin To Net: NetName=6V5DC Pin=C16-2
Added Pin To Net: NetName=6V5DC Pin=P9-2
Added Pin To Net: NetName=6V5DC Pin=U4-1
Added Pin To Net: NetName=6V5DC Pin=U4-3
Added Pin To Net: NetName=6V5DC Pin=U5-4
Added Pin To Net: NetName=6V5DC Pin=U5-6
Added Net: Name=6V5DC
Added Pin To Net: NetName=GND Pin=C1-1
Added Pin To Net: NetName=GND Pin=C2-1
Added Pin To Net: NetName=GND Pin=C3-1
Added Pin To Net: NetName=GND Pin=C4-1
Added Pin To Net: NetName=GND Pin=C5-1
Added Pin To Net: NetName=GND Pin=C6-1
Added Pin To Net: NetName=GND Pin=C7-1
Added Pin To Net: NetName=GND Pin=C8-1
Added Pin To Net: NetName=GND Pin=C9-1
Added Pin To Net: NetName=GND Pin=C10-1
Added Pin To Net: NetName=GND Pin=C11-1
Added Pin To Net: NetName=GND Pin=C12-1
Added Pin To Net: NetName=GND Pin=C13-1
Added Pin To Net: NetName=GND Pin=C14-1
Added Pin To Net: NetName=GND Pin=C15-1
Added Pin To Net: NetName=GND Pin=C16-1
Added Pin To Net: NetName=GND Pin=C17-1
Added Pin To Net: NetName=GND Pin=C20-1
Added Pin To Net: NetName=GND Pin=J1-4
Added Pin To Net: NetName=GND Pin=LED1-7
Added Pin To Net: NetName=GND Pin=LED2-7
Added Pin To Net: NetName=GND Pin=LED3-7
Added Pin To Net: NetName=GND Pin=LED4-2
Added Pin To Net: NetName=GND Pin=LED5-2
Added Pin To Net: NetName=GND Pin=P5-3
Added Pin To Net: NetName=GND Pin=Q1-2
Added Pin To Net: NetName=GND Pin=Q2-2
Added Pin To Net: NetName=GND Pin=Q3-2
Added Pin To Net: NetName=GND Pin=Q4-1
Added Pin To Net: NetName=GND Pin=R6-1
Added Pin To Net: NetName=GND Pin=R9-1
Added Pin To Net: NetName=GND Pin=R13-1
Added Pin To Net: NetName=GND Pin=R24-1
Added Pin To Net: NetName=GND Pin=S1-2
Added Pin To Net: NetName=GND Pin=TP6-1
Added Pin To Net: NetName=GND Pin=TP7-1
Added Pin To Net: NetName=GND Pin=TP8-1
Added Pin To Net: NetName=GND Pin=TP9-1
Added Pin To Net: NetName=GND Pin=U1-9
Added Pin To Net: NetName=GND Pin=U1-20
Added Pin To Net: NetName=GND Pin=U1-25
Added Pin To Net: NetName=GND Pin=U1-41
Added Pin To Net: NetName=GND Pin=U1-56
Added Pin To Net: NetName=GND Pin=U3-5
Added Pin To Net: NetName=GND Pin=U4-2
Added Pin To Net: NetName=GND Pin=U5-3
Added Pin To Net: NetName=GND Pin=U5-7
Added Pin To Net: NetName=GND Pin=Y1-2
Added Pin To Net: NetName=GND Pin=Y2-2
Added Net: Name=GND
Added Pin To Net: NetName=NetC10_2 Pin=C10-2
Added Pin To Net: NetName=NetC10_2 Pin=R17-1
Added Pin To Net: NetName=NetC10_2 Pin=R18-2
Added Pin To Net: NetName=NetC10_2 Pin=S1-1
Added Net: Name=NetC10_2
Added Pin To Net: NetName=NetC12_2 Pin=C12-2
Added Pin To Net: NetName=NetC12_2 Pin=C13-2
Added Pin To Net: NetName=NetC12_2 Pin=P9-1
Added Pin To Net: NetName=NetC12_2 Pin=Q4-2
Added Net: Name=NetC12_2
Added Pin To Net: NetName=NetC15_2 Pin=C15-2
Added Pin To Net: NetName=NetC15_2 Pin=P10-2
Added Pin To Net: NetName=NetC15_2 Pin=U4-5
Added Net: Name=NetC15_2
Added Pin To Net: NetName=NetC17_2 Pin=C17-2
Added Pin To Net: NetName=NetC17_2 Pin=U4-4
Added Net: Name=NetC17_2
Added Pin To Net: NetName=NetC18_1 Pin=C18-1
Added Pin To Net: NetName=NetC18_1 Pin=C19-1
Added Net: Name=NetC18_1
Added Pin To Net: NetName=NetC18_2 Pin=C18-2
Added Pin To Net: NetName=NetC18_2 Pin=U5-2
Added Net: Name=NetC18_2
Added Pin To Net: NetName=NetC19_2 Pin=C19-2
Added Pin To Net: NetName=NetC19_2 Pin=P11-2
Added Pin To Net: NetName=NetC19_2 Pin=U5-1
Added Net: Name=NetC19_2
Added Pin To Net: NetName=NetJ1_1 Pin=J1-1
Added Pin To Net: NetName=NetJ1_1 Pin=P8-2
Added Net: Name=NetJ1_1
Added Pin To Net: NetName=NetJ1_2 Pin=J1-2
Added Pin To Net: NetName=NetJ1_2 Pin=P6-2
Added Pin To Net: NetName=NetJ1_2 Pin=R20-1
Added Pin To Net: NetName=NetJ1_2 Pin=U3-6
Added Net: Name=NetJ1_2
Added Pin To Net: NetName=NetJ1_3 Pin=J1-3
Added Pin To Net: NetName=NetJ1_3 Pin=R19-2
Added Pin To Net: NetName=NetJ1_3 Pin=R24-2
Added Pin To Net: NetName=NetJ1_3 Pin=U3-7
Added Net: Name=NetJ1_3
Added Pin To Net: NetName=NetLED1_1 Pin=LED1-1
Added Pin To Net: NetName=NetLED1_1 Pin=LED2-1
Added Pin To Net: NetName=NetLED1_1 Pin=LED3-1
Added Pin To Net: NetName=NetLED1_1 Pin=Q3-3
Added Net: Name=NetLED1_1
Added Pin To Net: NetName=NetLED1_2 Pin=LED1-2
Added Pin To Net: NetName=NetLED1_2 Pin=LED2-2
Added Pin To Net: NetName=NetLED1_2 Pin=LED3-2
Added Pin To Net: NetName=NetLED1_2 Pin=Q1-3
Added Net: Name=NetLED1_2
Added Pin To Net: NetName=NetLED1_3 Pin=LED1-3
Added Pin To Net: NetName=NetLED1_3 Pin=LED2-3
Added Pin To Net: NetName=NetLED1_3 Pin=LED3-3
Added Pin To Net: NetName=NetLED1_3 Pin=Q2-3
Added Net: Name=NetLED1_3
Added Pin To Net: NetName=NetLED1_4 Pin=LED1-4
Added Pin To Net: NetName=NetLED1_4 Pin=R3-2
Added Net: Name=NetLED1_4
Added Pin To Net: NetName=NetLED1_5 Pin=LED1-5
Added Pin To Net: NetName=NetLED1_5 Pin=R4-2
Added Net: Name=NetLED1_5
Added Pin To Net: NetName=NetLED1_6 Pin=LED1-6
Added Pin To Net: NetName=NetLED1_6 Pin=R5-2
Added Net: Name=NetLED1_6
Added Pin To Net: NetName=NetLED2_4 Pin=LED2-4
Added Pin To Net: NetName=NetLED2_4 Pin=R7-2
Added Net: Name=NetLED2_4
Added Pin To Net: NetName=NetLED2_5 Pin=LED2-5
Added Pin To Net: NetName=NetLED2_5 Pin=R8-2
Added Net: Name=NetLED2_5
Added Pin To Net: NetName=NetLED2_6 Pin=LED2-6
Added Pin To Net: NetName=NetLED2_6 Pin=R10-2
Added Net: Name=NetLED2_6
Added Pin To Net: NetName=NetLED3_4 Pin=LED3-4
Added Pin To Net: NetName=NetLED3_4 Pin=R11-2
Added Net: Name=NetLED3_4
Added Pin To Net: NetName=NetLED3_5 Pin=LED3-5
Added Pin To Net: NetName=NetLED3_5 Pin=R12-2
Added Net: Name=NetLED3_5
Added Pin To Net: NetName=NetLED3_6 Pin=LED3-6
Added Pin To Net: NetName=NetLED3_6 Pin=R14-2
Added Net: Name=NetLED3_6
Added Pin To Net: NetName=NetLED4_1 Pin=LED4-1
Added Pin To Net: NetName=NetLED4_1 Pin=R15-2
Added Net: Name=NetLED4_1
Added Pin To Net: NetName=NetLED5_1 Pin=LED5-1
Added Pin To Net: NetName=NetLED5_1 Pin=R16-2
Added Net: Name=NetLED5_1
Added Pin To Net: NetName=NetP1_1 Pin=P1-1
Added Net: Name=NetP1_1
Added Pin To Net: NetName=NetP1_2 Pin=P1-2
Added Pin To Net: NetName=NetP1_2 Pin=U1-30
Added Net: Name=NetP1_2
Added Pin To Net: NetName=NetP2_1 Pin=P2-1
Added Pin To Net: NetName=NetP2_1 Pin=R3-1
Added Pin To Net: NetName=NetP2_1 Pin=R4-1
Added Pin To Net: NetName=NetP2_1 Pin=R5-1
Added Net: Name=NetP2_1
Added Pin To Net: NetName=NetP3_1 Pin=P3-1
Added Pin To Net: NetName=NetP3_1 Pin=R7-1
Added Pin To Net: NetName=NetP3_1 Pin=R8-1
Added Pin To Net: NetName=NetP3_1 Pin=R10-1
Added Net: Name=NetP3_1
Added Pin To Net: NetName=NetP4_1 Pin=P4-1
Added Pin To Net: NetName=NetP4_1 Pin=R11-1
Added Pin To Net: NetName=NetP4_1 Pin=R12-1
Added Pin To Net: NetName=NetP4_1 Pin=R14-1
Added Net: Name=NetP4_1
Added Pin To Net: NetName=NetP5_1 Pin=P5-1
Added Pin To Net: NetName=NetP5_1 Pin=R18-1
Added Pin To Net: NetName=NetP5_1 Pin=U1-7
Added Net: Name=NetP5_1
Added Pin To Net: NetName=NetP5_4 Pin=P5-4
Added Pin To Net: NetName=NetP5_4 Pin=U1-43
Added Net: Name=NetP5_4
Added Pin To Net: NetName=NetP5_5 Pin=P5-5
Added Pin To Net: NetName=NetP5_5 Pin=U1-44
Added Net: Name=NetP5_5
Added Pin To Net: NetName=NetP6_1 Pin=P6-1
Added Pin To Net: NetName=NetP6_1 Pin=R19-1
Added Net: Name=NetP6_1
Added Pin To Net: NetName=NetP7_1 Pin=P7-1
Added Pin To Net: NetName=NetP7_1 Pin=R23-1
Added Pin To Net: NetName=NetP7_1 Pin=U1-8
Added Pin To Net: NetName=NetP7_1 Pin=U3-2
Added Pin To Net: NetName=NetP7_1 Pin=U3-3
Added Net: Name=NetP7_1
Added Pin To Net: NetName=NetP7_2 Pin=P7-2
Added Pin To Net: NetName=NetP7_2 Pin=R22-1
Added Pin To Net: NetName=NetP7_2 Pin=U1-3
Added Pin To Net: NetName=NetP7_2 Pin=U3-4
Added Net: Name=NetP7_2
Added Pin To Net: NetName=NetP7_3 Pin=P7-3
Added Pin To Net: NetName=NetP7_3 Pin=R21-1
Added Pin To Net: NetName=NetP7_3 Pin=U1-1
Added Pin To Net: NetName=NetP7_3 Pin=U3-1
Added Net: Name=NetP7_3
Added Pin To Net: NetName=NetQ1_1 Pin=Q1-1
Added Pin To Net: NetName=NetQ1_1 Pin=R6-2
Added Pin To Net: NetName=NetQ1_1 Pin=TP3-1
Added Pin To Net: NetName=NetQ1_1 Pin=U1-21
Added Net: Name=NetQ1_1
Added Pin To Net: NetName=NetQ2_1 Pin=Q2-1
Added Pin To Net: NetName=NetQ2_1 Pin=R9-2
Added Pin To Net: NetName=NetQ2_1 Pin=TP4-1
Added Pin To Net: NetName=NetQ2_1 Pin=U1-22
Added Net: Name=NetQ2_1
Added Pin To Net: NetName=NetQ3_1 Pin=Q3-1
Added Pin To Net: NetName=NetQ3_1 Pin=R13-2
Added Pin To Net: NetName=NetQ3_1 Pin=TP5-1
Added Pin To Net: NetName=NetQ3_1 Pin=U1-23
Added Net: Name=NetQ3_1
Added Pin To Net: NetName=NetR1_1 Pin=R1-1
Added Pin To Net: NetName=NetR1_1 Pin=TP1-1
Added Pin To Net: NetName=NetR1_1 Pin=U1-31
Added Net: Name=NetR1_1
Added Pin To Net: NetName=NetR2_1 Pin=R2-1
Added Pin To Net: NetName=NetR2_1 Pin=TP2-1
Added Pin To Net: NetName=NetR2_1 Pin=U1-32
Added Net: Name=NetR2_1
Added Pin To Net: NetName=NetR15_1 Pin=R15-1
Added Pin To Net: NetName=NetR15_1 Pin=U1-51
Added Net: Name=NetR15_1
Added Pin To Net: NetName=NetR16_1 Pin=R16-1
Added Pin To Net: NetName=NetR16_1 Pin=U1-52
Added Net: Name=NetR16_1
Added Pin To Net: NetName=NetU1_39 Pin=U1-39
Added Pin To Net: NetName=NetU1_39 Pin=Y1-3
Added Net: Name=NetU1_39
Added Pin To Net: NetName=NetU1_48 Pin=U1-48
Added Pin To Net: NetName=NetU1_48 Pin=Y2-1
Added Net: Name=NetU1_48
Added Class: Name=LEDS_SENSOR_ZS
Added Class: Name=MCU_SUPPORT_ZS
Added Class: Name=VREG_RS485_ZS
Added Room: Name=LEDS_SENSOR_ZS
Added Room: Name=MCU_SUPPORT_ZS
Added Room: Name=VREG_RS485_ZS
