Replace Part C? Cap - 0402 in C:\Users\Public\Documents\Altium\Projects\GRAVITAS_ZONE_SENSOR\LEDS_SENSOR_ZS.SchDoc with Cap - 0402 from GravLib.IntLib
Replace Part LED? RGB_LED_19-337 in C:\Users\Public\Documents\Altium\Projects\GRAVITAS_ZONE_SENSOR\LEDS_SENSOR_ZS.SchDoc with RGB_LED_19-337 from GravLib.IntLib
Replace Part LED? RGB_LED_19-337 in C:\Users\Public\Documents\Altium\Projects\GRAVITAS_ZONE_SENSOR\LEDS_SENSOR_ZS.SchDoc with RGB_LED_19-337 from GravLib.IntLib
Replace Part LED? RGB_LED_19-337 in C:\Users\Public\Documents\Altium\Projects\GRAVITAS_ZONE_SENSOR\LEDS_SENSOR_ZS.SchDoc with RGB_LED_19-337 from GravLib.IntLib
Replace Part P? Header 2 in C:\Users\Public\Documents\Altium\Projects\GRAVITAS_ZONE_SENSOR\LEDS_SENSOR_ZS.SchDoc with Header 2 from Miscellaneous Connectors.IntLib
Replace Part P? Header 2 in C:\Users\Public\Documents\Altium\Projects\GRAVITAS_ZONE_SENSOR\LEDS_SENSOR_ZS.SchDoc with Header 2 from Miscellaneous Connectors.IntLib
Replace Part P? Header 2 in C:\Users\Public\Documents\Altium\Projects\GRAVITAS_ZONE_SENSOR\LEDS_SENSOR_ZS.SchDoc with Header 2 from Miscellaneous Connectors.IntLib
Replace Part P? Header 2 in C:\Users\Public\Documents\Altium\Projects\GRAVITAS_ZONE_SENSOR\LEDS_SENSOR_ZS.SchDoc with Header 2 from Miscellaneous Connectors.IntLib
Replace Part R? Res - 0603 in C:\Users\Public\Documents\Altium\Projects\GRAVITAS_ZONE_SENSOR\LEDS_SENSOR_ZS.SchDoc with Res - 0603 from GravLib.IntLib
Replace Part R? Res - 0603 in C:\Users\Public\Documents\Altium\Projects\GRAVITAS_ZONE_SENSOR\LEDS_SENSOR_ZS.SchDoc with Res - 0603 from GravLib.IntLib
Replace Part R? Res - 0603 in C:\Users\Public\Documents\Altium\Projects\GRAVITAS_ZONE_SENSOR\LEDS_SENSOR_ZS.SchDoc with Res - 0603 from GravLib.IntLib
Replace Part R? Res - 0603 in C:\Users\Public\Documents\Altium\Projects\GRAVITAS_ZONE_SENSOR\LEDS_SENSOR_ZS.SchDoc with Res - 0603 from GravLib.IntLib
Replace Part R? Res - 0603 in C:\Users\Public\Documents\Altium\Projects\GRAVITAS_ZONE_SENSOR\LEDS_SENSOR_ZS.SchDoc with Res - 0603 from GravLib.IntLib
Replace Part R? Res - 0603 in C:\Users\Public\Documents\Altium\Projects\GRAVITAS_ZONE_SENSOR\LEDS_SENSOR_ZS.SchDoc with Res - 0603 from GravLib.IntLib
Replace Part R? Res - 0603 in C:\Users\Public\Documents\Altium\Projects\GRAVITAS_ZONE_SENSOR\LEDS_SENSOR_ZS.SchDoc with Res - 0603 from GravLib.IntLib
Replace Part R? Res - 0603 in C:\Users\Public\Documents\Altium\Projects\GRAVITAS_ZONE_SENSOR\LEDS_SENSOR_ZS.SchDoc with Res - 0603 from GravLib.IntLib
Replace Part R? Res - 0603 in C:\Users\Public\Documents\Altium\Projects\GRAVITAS_ZONE_SENSOR\LEDS_SENSOR_ZS.SchDoc with Res - 0603 from GravLib.IntLib
Replace Part R? Res - 0603 in C:\Users\Public\Documents\Altium\Projects\GRAVITAS_ZONE_SENSOR\LEDS_SENSOR_ZS.SchDoc with Res - 0603 from GravLib.IntLib
Replace Part R? Res - 0603 in C:\Users\Public\Documents\Altium\Projects\GRAVITAS_ZONE_SENSOR\LEDS_SENSOR_ZS.SchDoc with Res - 0603 from GravLib.IntLib
Replace Part R? Res - 0603 in C:\Users\Public\Documents\Altium\Projects\GRAVITAS_ZONE_SENSOR\LEDS_SENSOR_ZS.SchDoc with Res - 0603 from GravLib.IntLib
Replace Part R? Res - 0603 in C:\Users\Public\Documents\Altium\Projects\GRAVITAS_ZONE_SENSOR\LEDS_SENSOR_ZS.SchDoc with Res - 0603 from GravLib.IntLib
Replace Part R? Res - 0603 in C:\Users\Public\Documents\Altium\Projects\GRAVITAS_ZONE_SENSOR\LEDS_SENSOR_ZS.SchDoc with Res - 0603 from GravLib.IntLib
Replace Part TP? TestPoint in C:\Users\Public\Documents\Altium\Projects\GRAVITAS_ZONE_SENSOR\LEDS_SENSOR_ZS.SchDoc with TestPoint from GravLib.IntLib
Replace Part TP? TestPoint in C:\Users\Public\Documents\Altium\Projects\GRAVITAS_ZONE_SENSOR\LEDS_SENSOR_ZS.SchDoc with TestPoint from GravLib.IntLib
Replace Part TP? TestPoint in C:\Users\Public\Documents\Altium\Projects\GRAVITAS_ZONE_SENSOR\LEDS_SENSOR_ZS.SchDoc with TestPoint from GravLib.IntLib
Replace Part TP? TestPoint in C:\Users\Public\Documents\Altium\Projects\GRAVITAS_ZONE_SENSOR\LEDS_SENSOR_ZS.SchDoc with TestPoint from GravLib.IntLib
Replace Part TP? TestPoint in C:\Users\Public\Documents\Altium\Projects\GRAVITAS_ZONE_SENSOR\LEDS_SENSOR_ZS.SchDoc with TestPoint from GravLib.IntLib
Replace Part U1 PIC32MK0512GPD064-I/PTX in C:\Users\Public\Documents\Altium\Projects\GRAVITAS_ZONE_SENSOR\LEDS_SENSOR_ZS.SchDoc with PIC32MK0512GPD064-I/PTX from GravLib.IntLib
Replace Part U? BSS138 in C:\Users\Public\Documents\Altium\Projects\GRAVITAS_ZONE_SENSOR\LEDS_SENSOR_ZS.SchDoc with BSS138 from GravLib.IntLib
Replace Part U? BSS138 in C:\Users\Public\Documents\Altium\Projects\GRAVITAS_ZONE_SENSOR\LEDS_SENSOR_ZS.SchDoc with BSS138 from GravLib.IntLib
Replace Part U? BSS138 in C:\Users\Public\Documents\Altium\Projects\GRAVITAS_ZONE_SENSOR\LEDS_SENSOR_ZS.SchDoc with BSS138 from GravLib.IntLib
Replace Part U? HDC2080 in C:\Users\Public\Documents\Altium\Projects\GRAVITAS_ZONE_SENSOR\LEDS_SENSOR_ZS.SchDoc with HDC2080 from GravLib.IntLib
