Replace Part C? Cap - 0402 in C:\Users\Public\Documents\Altium\Projects\GRAVITAS_ZONE_SENSOR\VREG_RS485_ZS.SchDoc with Cap - 0402 from GravLib.IntLib
Replace Part C? Cap - 0402 in C:\Users\Public\Documents\Altium\Projects\GRAVITAS_ZONE_SENSOR\VREG_RS485_ZS.SchDoc with Cap - 0402 from GravLib.IntLib
Replace Part C? Cap - 0402 in C:\Users\Public\Documents\Altium\Projects\GRAVITAS_ZONE_SENSOR\VREG_RS485_ZS.SchDoc with Cap - 0402 from GravLib.IntLib
Replace Part C? Cap - 0402 in C:\Users\Public\Documents\Altium\Projects\GRAVITAS_ZONE_SENSOR\VREG_RS485_ZS.SchDoc with Cap - 0402 from GravLib.IntLib
Replace Part C? Cap - 0402 in C:\Users\Public\Documents\Altium\Projects\GRAVITAS_ZONE_SENSOR\VREG_RS485_ZS.SchDoc with Cap - 0402 from GravLib.IntLib
Replace Part C? Cap - 0402 in C:\Users\Public\Documents\Altium\Projects\GRAVITAS_ZONE_SENSOR\VREG_RS485_ZS.SchDoc with Cap - 0402 from GravLib.IntLib
Replace Part C? Cap - 0805 in C:\Users\Public\Documents\Altium\Projects\GRAVITAS_ZONE_SENSOR\VREG_RS485_ZS.SchDoc with Cap - 0805 from GravLib.IntLib
Replace Part C? Cap - 0805 in C:\Users\Public\Documents\Altium\Projects\GRAVITAS_ZONE_SENSOR\VREG_RS485_ZS.SchDoc with Cap - 0805 from GravLib.IntLib
Replace Part C? Cap - 0402 in C:\Users\Public\Documents\Altium\Projects\GRAVITAS_ZONE_SENSOR\VREG_RS485_ZS.SchDoc with Cap - 0402 from GravLib.IntLib
Replace Part J? 1824653 in C:\Users\Public\Documents\Altium\Projects\GRAVITAS_ZONE_SENSOR\VREG_RS485_ZS.SchDoc with 1824653 from GravLib.IntLib
Replace Part P? Header 2 in C:\Users\Public\Documents\Altium\Projects\GRAVITAS_ZONE_SENSOR\VREG_RS485_ZS.SchDoc with Header 2 from Miscellaneous Connectors.IntLib
Replace Part P? Header 2 in C:\Users\Public\Documents\Altium\Projects\GRAVITAS_ZONE_SENSOR\VREG_RS485_ZS.SchDoc with Header 2 from Miscellaneous Connectors.IntLib
Replace Part P? Header 3 in C:\Users\Public\Documents\Altium\Projects\GRAVITAS_ZONE_SENSOR\VREG_RS485_ZS.SchDoc with Header 3 from Miscellaneous Connectors.IntLib
Replace Part P? Header 2 in C:\Users\Public\Documents\Altium\Projects\GRAVITAS_ZONE_SENSOR\VREG_RS485_ZS.SchDoc with Header 2 from Miscellaneous Connectors.IntLib
Replace Part P? Header 2 in C:\Users\Public\Documents\Altium\Projects\GRAVITAS_ZONE_SENSOR\VREG_RS485_ZS.SchDoc with Header 2 from Miscellaneous Connectors.IntLib
Replace Part P? Header 2 in C:\Users\Public\Documents\Altium\Projects\GRAVITAS_ZONE_SENSOR\VREG_RS485_ZS.SchDoc with Header 2 from Miscellaneous Connectors.IntLib
Replace Part R? Res - 0603 in C:\Users\Public\Documents\Altium\Projects\GRAVITAS_ZONE_SENSOR\VREG_RS485_ZS.SchDoc with Res - 0603 from GravLib.IntLib
Replace Part R? Res - 0603 in C:\Users\Public\Documents\Altium\Projects\GRAVITAS_ZONE_SENSOR\VREG_RS485_ZS.SchDoc with Res - 0603 from GravLib.IntLib
Replace Part R? Res - 0603 in C:\Users\Public\Documents\Altium\Projects\GRAVITAS_ZONE_SENSOR\VREG_RS485_ZS.SchDoc with Res - 0603 from GravLib.IntLib
Replace Part R? Res - 0603 in C:\Users\Public\Documents\Altium\Projects\GRAVITAS_ZONE_SENSOR\VREG_RS485_ZS.SchDoc with Res - 0603 from GravLib.IntLib
Replace Part R? Res - 0603 in C:\Users\Public\Documents\Altium\Projects\GRAVITAS_ZONE_SENSOR\VREG_RS485_ZS.SchDoc with Res - 0603 from GravLib.IntLib
Replace Part R? Res - 0603 in C:\Users\Public\Documents\Altium\Projects\GRAVITAS_ZONE_SENSOR\VREG_RS485_ZS.SchDoc with Res - 0603 from GravLib.IntLib
Replace Part TP? TestPoint in C:\Users\Public\Documents\Altium\Projects\GRAVITAS_ZONE_SENSOR\VREG_RS485_ZS.SchDoc with TestPoint from GravLib.IntLib
Replace Part TP? TestPoint in C:\Users\Public\Documents\Altium\Projects\GRAVITAS_ZONE_SENSOR\VREG_RS485_ZS.SchDoc with TestPoint from GravLib.IntLib
Replace Part TP? TestPoint in C:\Users\Public\Documents\Altium\Projects\GRAVITAS_ZONE_SENSOR\VREG_RS485_ZS.SchDoc with TestPoint from GravLib.IntLib
Replace Part TP? TestPoint in C:\Users\Public\Documents\Altium\Projects\GRAVITAS_ZONE_SENSOR\VREG_RS485_ZS.SchDoc with TestPoint from GravLib.IntLib
Replace Part U1 PIC32MK0512GPD064-I/PTX in C:\Users\Public\Documents\Altium\Projects\GRAVITAS_ZONE_SENSOR\VREG_RS485_ZS.SchDoc with PIC32MK0512GPD064-I/PTX from GravLib.IntLib
Replace Part U? 5V_LDO_LP2992IM5-5.0/NOPB in C:\Users\Public\Documents\Altium\Projects\GRAVITAS_ZONE_SENSOR\VREG_RS485_ZS.SchDoc with 5V_LDO_LP2992IM5-5.0/NOPB from GravLib.IntLib
Replace Part U? 3V3_LDO_TPS73533 in C:\Users\Public\Documents\Altium\Projects\GRAVITAS_ZONE_SENSOR\VREG_RS485_ZS.SchDoc with 3V3_LDO_TPS73533 from GravLib.IntLib
Replace Part U? P_Channel_DMG3415UFY4Q-7 in C:\Users\Public\Documents\Altium\Projects\GRAVITAS_ZONE_SENSOR\VREG_RS485_ZS.SchDoc with P_Channel_DMG3415UFY4Q-7 from GravLib.IntLib
Replace Part U? MAXM-MAX485CSA+-8 in C:\Users\Public\Documents\Altium\Projects\GRAVITAS_ZONE_SENSOR\VREG_RS485_ZS.SchDoc with MAXM-MAX485CSA+-8 from Altium Content Vault
