Removed Pin From Net: NetName=GND Pin=B1-1
Removed Pin From Net: NetName=NetB1_2 Pin=B1-2
Removed Pin From Net: NetName=GND Pin=B2-1
Removed Pin From Net: NetName=NetB2_2 Pin=B2-2
Removed Pin From Net: NetName=GND Pin=B3-1
Removed Pin From Net: NetName=NetB3_2 Pin=B3-2
Removed Pin From Net: NetName=GND Pin=B4-1
Removed Pin From Net: NetName=NetB4_2 Pin=B4-2
Removed Pin From Net: NetName=GND Pin=B5-1
Removed Pin From Net: NetName=NetB5_2 Pin=B5-2
Removed Pin From Net: NetName=3V3DC_SD Pin=C16-2
Removed Pin From Net: NetName=3V3DC_SD Pin=FB3-2
Removed Pin From Net: NetName=NetC18_2 Pin=Q6-1
Change Component Footprint: Designator=B1 Old Footprint=HDR1X2 New Footprint=Switch - 147873-1
Change Component Footprint: Designator=B2 Old Footprint=HDR1X2 New Footprint=Switch - 147873-1
Change Component Footprint: Designator=B3 Old Footprint=HDR1X2 New Footprint=Switch - 147873-1
Change Component Footprint: Designator=B4 Old Footprint=HDR1X2 New Footprint=Switch - 147873-1
Change Component Footprint: Designator=B5 Old Footprint=HDR1X2 New Footprint=Switch - 147873-1
Change Component Comment : Designator=B1 Old Comment=B1 New Comment=Switch-147873-1
Change Component Comment : Designator=B2 Old Comment=B2 New Comment=Switch-147873-1
Change Component Comment : Designator=B3 Old Comment=B3 New Comment=Switch-147873-1
Change Component Comment : Designator=B4 Old Comment=B4 New Comment=Switch-147873-1
Change Component Comment : Designator=B5 Old Comment=B5 New Comment=Switch-147873-1
Change Component Comment : Designator=LED1 Old Comment=LED1 New Comment=Wired LED
Change Component Comment : Designator=LED2 Old Comment=LED2 New Comment=Wired LED
Change Component Comment : Designator=LED3 Old Comment=LED3 New Comment=Wired LED
Change component parameters: Designator = "B1"; Footprint = "Switch - 147873-1"; UniqueID = "\QGZEVDFW"
Change component parameters. Clean all parameters for all variants
Change component parameters: Designator = "B2"; Footprint = "Switch - 147873-1"; UniqueID = "\FCREJRXW"
Change component parameters. Clean all parameters for all variants
Change component parameters: Designator = "B3"; Footprint = "Switch - 147873-1"; UniqueID = "\PBZXJRRK"
Change component parameters. Clean all parameters for all variants
Change component parameters: Designator = "B4"; Footprint = "Switch - 147873-1"; UniqueID = "\KLSROADK"
Change component parameters. Clean all parameters for all variants
Change component parameters: Designator = "B5"; Footprint = "Switch - 147873-1"; UniqueID = "\XLACEUOR"
Change component parameters. Clean all parameters for all variants
Added Component: Designator=TP12(TP - S2751-46R)
Add component. Clean all parameters for all variants
Added Component: Designator=TP13(TP - S2751-46R)
Add component. Clean all parameters for all variants
Added Component: Designator=TP14(TP - S2751-46R)
Add component. Clean all parameters for all variants
Added Component: Designator=TP15(TP - S2751-46R)
Add component. Clean all parameters for all variants
Added Component: Designator=TP16(TP - S2751-46R)
Add component. Clean all parameters for all variants
Added Component: Designator=TP17(TP - S2751-46R)
Add component. Clean all parameters for all variants
Added Component: Designator=TP18(TP - S2751-46R)
Add component. Clean all parameters for all variants
Added Component: Designator=TP19(TP - S2751-46R)
Add component. Clean all parameters for all variants
Added Pin To Net: NetName=NetB1_2 Pin=B1-1
Added Pin To Net: NetName=GND Pin=B1-2
Added Pin To Net: NetName=NetB2_2 Pin=B2-1
Added Pin To Net: NetName=GND Pin=B2-2
Added Pin To Net: NetName=NetB3_2 Pin=B3-1
Added Pin To Net: NetName=GND Pin=B3-2
Added Pin To Net: NetName=NetB4_2 Pin=B4-1
Added Pin To Net: NetName=GND Pin=B4-2
Added Pin To Net: NetName=NetB5_2 Pin=B5-1
Added Pin To Net: NetName=GND Pin=B5-2
Added Pin To Net: NetName=GND Pin=TP12-1
Added Pin To Net: NetName=GND Pin=TP13-1
Added Pin To Net: NetName=GND Pin=TP14-1
Added Pin To Net: NetName=GND Pin=TP15-1
Added Pin To Net: NetName=GND Pin=TP16-1
Added Pin To Net: NetName=GND Pin=TP17-1
Added Pin To Net: NetName=GND Pin=TP18-1
Added Pin To Net: NetName=GND Pin=TP19-1
Change Net Name : Old Net Name=NetB1_2 New Net Name=NetB1_1
Change Net Name : Old Net Name=NetB2_2 New Net Name=NetB2_1
Change Net Name : Old Net Name=NetB3_2 New Net Name=NetB3_1
Change Net Name : Old Net Name=NetB4_2 New Net Name=NetB4_1
Change Net Name : Old Net Name=NetB5_2 New Net Name=NetB5_1
Added Member To Class: ClassName=USB_BREAKOUTS_CCU_HAS Member=Component P15 Header 3
Added Member To Class: ClassName=VREG_CCU_HAS Member=Component TP12 TestPoint
Added Member To Class: ClassName=VREG_CCU_HAS Member=Component TP13 TestPoint
Added Member To Class: ClassName=VREG_CCU_HAS Member=Component TP14 TestPoint
Added Member To Class: ClassName=VREG_CCU_HAS Member=Component TP15 TestPoint
Added Member To Class: ClassName=VREG_CCU_HAS Member=Component TP16 TestPoint
Added Member To Class: ClassName=VREG_CCU_HAS Member=Component TP17 TestPoint
Added Member To Class: ClassName=VREG_CCU_HAS Member=Component TP18 TestPoint
Added Member To Class: ClassName=VREG_CCU_HAS Member=Component TP19 TestPoint
Added Member To Class: ClassName=VREG_CCU_HAS Member=Component U13 TPS562208DDCR
