Removed Pin From Net: NetName=GND Pin=B1-1
Removed Pin From Net: NetName=NetB1_2 Pin=B1-2
Removed Pin From Net: NetName=GND Pin=B2-1
Removed Pin From Net: NetName=NetB2_2 Pin=B2-2
Removed Pin From Net: NetName=GND Pin=B3-1
Removed Pin From Net: NetName=NetB3_2 Pin=B3-2
Removed Pin From Net: NetName=GND Pin=B4-1
Removed Pin From Net: NetName=NetB4_2 Pin=B4-2
Removed Pin From Net: NetName=GND Pin=B5-1
Removed Pin From Net: NetName=NetB5_2 Pin=B5-2
Removed Pin From Net: NetName=3V3DC_SD Pin=C16-2
Removed Pin From Net: NetName=3V3DC_SD Pin=FB3-2
Removed Pin From Net: NetName=NetC18_2 Pin=Q6-1
Change Component Footprint: Designator=B1 Old Footprint=HDR1X2 New Footprint=Switch - 147873-1
Change Component Footprint: Designator=B2 Old Footprint=HDR1X2 New Footprint=Switch - 147873-1
Change Component Footprint: Designator=B3 Old Footprint=HDR1X2 New Footprint=Switch - 147873-1
Change Component Footprint: Designator=B4 Old Footprint=HDR1X2 New Footprint=Switch - 147873-1
Change Component Footprint: Designator=B5 Old Footprint=HDR1X2 New Footprint=Switch - 147873-1
Change Component Comment : Designator=B1 Old Comment=B1 New Comment=Switch-147873-1
Change Component Comment : Designator=B2 Old Comment=B2 New Comment=Switch-147873-1
Change Component Comment : Designator=B3 Old Comment=B3 New Comment=Switch-147873-1
Change Component Comment : Designator=B4 Old Comment=B4 New Comment=Switch-147873-1
Change Component Comment : Designator=B5 Old Comment=B5 New Comment=Switch-147873-1
Change Component Comment : Designator=LED1 Old Comment=LED1 New Comment=Wired LED
Change Component Comment : Designator=LED2 Old Comment=LED2 New Comment=Wired LED
Change Component Comment : Designator=LED3 Old Comment=LED3 New Comment=Wired LED
Change component parameters: Designator = "B1"; Footprint = "Switch - 147873-1"; UniqueID = "\QGZEVDFW"
Change component parameters. Clean all parameters for all variants
Change component parameters: Designator = "B2"; Footprint = "Switch - 147873-1"; UniqueID = "\FCREJRXW"
Change component parameters. Clean all parameters for all variants
Change component parameters: Designator = "B3"; Footprint = "Switch - 147873-1"; UniqueID = "\PBZXJRRK"
Change component parameters. Clean all parameters for all variants
Change component parameters: Designator = "B4"; Footprint = "Switch - 147873-1"; UniqueID = "\KLSROADK"
Change component parameters. Clean all parameters for all variants
Change component parameters: Designator = "B5"; Footprint = "Switch - 147873-1"; UniqueID = "\XLACEUOR"
Change component parameters. Clean all parameters for all variants
Added Component: Designator=TP12(TP - S2751-46R)
Add component. Clean all parameters for all variants
Added Component: Designator=TP13(TP - S2751-46R)
Add component. Clean all parameters for all variants
Added Component: Designator=TP14(TP - S2751-46R)
Add component. Clean all parameters for all variants
Added Component: Designator=TP15(TP - S2751-46R)
Add component. Clean all parameters for all variants
Added Component: Designator=TP16(TP - S2751-46R)
Add component. Clean all parameters for all variants
Added Component: Designator=TP17(TP - S2751-46R)
Add component. Clean all parameters for all variants
Added Component: Designator=TP18(TP - S2751-46R)
Add component. Clean all parameters for all variants
Added Component: Designator=TP19(TP - S2751-46R)
Add component. Clean all parameters for all variants
Added Pin To Net: NetName=NetB1_2 Pin=B1-1
Added Pin To Net: NetName=GND Pin=B1-2
Added Pin To Net: NetName=NetB2_2 Pin=B2-1
Added Pin To Net: NetName=GND Pin=B2-2
Added Pin To Net: NetName=NetB3_2 Pin=B3-1
Added Pin To Net: NetName=GND Pin=B3-2
Added Pin To Net: NetName=NetB4_2 Pin=B4-1
Added Pin To Net: NetName=GND Pin=B4-2
Added Pin To Net: NetName=NetB5_2 Pin=B5-1
Added Pin To Net: NetName=GND Pin=B5-2
Added Pin To Net: NetName=GND Pin=TP12-1
Added Pin To Net: NetName=GND Pin=TP13-1
Added Pin To Net: NetName=GND Pin=TP14-1
Added Pin To Net: NetName=GND Pin=TP15-1
Added Pin To Net: NetName=GND Pin=TP16-1
Added Pin To Net: NetName=GND Pin=TP17-1
Added Pin To Net: NetName=GND Pin=TP18-1
Added Pin To Net: NetName=GND Pin=TP19-1
Change Net Name : Old Net Name=NetB1_2 New Net Name=NetB1_1
Change Net Name : Old Net Name=NetB2_2 New Net Name=NetB2_1
Change Net Name : Old Net Name=NetB3_2 New Net Name=NetB3_1
Change Net Name : Old Net Name=NetB4_2 New Net Name=NetB4_1
Change Net Name : Old Net Name=NetB5_2 New Net Name=NetB5_1
Added Pin To Net: NetName=NetC16_2 Pin=C16-2
Added Pin To Net: NetName=NetC16_2 Pin=FB3-2
Added Net: Name=NetC16_2
Added Pin To Net: NetName=NetR5_2 Pin=R5-2
Added Pin To Net: NetName=NetR5_2 Pin=U1-141
Added Net: Name=NetR5_2
Added Pin To Net: NetName=NetR6_2 Pin=R6-2
Added Pin To Net: NetName=NetR6_2 Pin=U1-140
Added Net: Name=NetR6_2
Added Pin To Net: NetName=NetR11_2 Pin=R11-2
Added Pin To Net: NetName=NetR11_2 Pin=U1-134
Added Net: Name=NetR11_2
Added Pin To Net: NetName=NetR12_2 Pin=R12-2
Added Pin To Net: NetName=NetR12_2 Pin=U1-139
Added Net: Name=NetR12_2
Added Pin To Net: NetName=NetR17_2 Pin=R17-2
Added Pin To Net: NetName=NetR17_2 Pin=U1-132
Added Net: Name=NetR17_2
Added Pin To Net: NetName=NetR18_2 Pin=R18-2
Added Pin To Net: NetName=NetR18_2 Pin=U1-133
Added Net: Name=NetR18_2
Added Pin To Net: NetName=NetR21_2 Pin=R21-2
Added Pin To Net: NetName=NetR21_2 Pin=U1-131
Added Net: Name=NetR21_2
Added Pin To Net: NetName=NetR26_2 Pin=R26-2
Added Pin To Net: NetName=NetR26_2 Pin=U1-128
Added Net: Name=NetR26_2
Added Pin To Net: NetName=NetR27_2 Pin=R27-2
Added Pin To Net: NetName=NetR27_2 Pin=U1-127
Added Net: Name=NetR27_2
Added Pin To Net: NetName=NetR32_2 Pin=R32-2
Added Pin To Net: NetName=NetR32_2 Pin=U1-126
Added Net: Name=NetR32_2
Added Pin To Net: NetName=NetR33_2 Pin=R33-2
Added Pin To Net: NetName=NetR33_2 Pin=U1-125
Added Net: Name=NetR33_2
Added Pin To Net: NetName=NetR38_2 Pin=R38-2
Added Pin To Net: NetName=NetR38_2 Pin=U1-124
Added Net: Name=NetR38_2
Added Pin To Net: NetName=NetR39_2 Pin=R39-2
Added Pin To Net: NetName=NetR39_2 Pin=U1-117
Added Net: Name=NetR39_2
Added Pin To Net: NetName=NetR44_2 Pin=R44-2
Added Pin To Net: NetName=NetR44_2 Pin=U1-116
Added Net: Name=NetR44_2
Added Pin To Net: NetName=NetR45_2 Pin=R45-2
Added Pin To Net: NetName=NetR45_2 Pin=U1-113
Added Net: Name=NetR45_2
Added Pin To Net: NetName=NetR125_1 Pin=R125-1
Added Pin To Net: NetName=NetR125_1 Pin=U1-110
Added Net: Name=NetR125_1
Added Pin To Net: NetName=NetU1_84 Pin=U1-84
Added Net: Name=NetU1_84
Added Pin To Net: NetName=NetU1_90 Pin=U1-90
Added Net: Name=NetU1_90
Added Pin To Net: NetName=NetU1_91 Pin=U1-91
Added Net: Name=NetU1_91
Added Member To Class: ClassName=USB_BREAKOUTS_CCU_HAS Member=Component P15 Header 3
Added Member To Class: ClassName=VREG_CCU_HAS Member=Component TP12 TestPoint
Added Member To Class: ClassName=VREG_CCU_HAS Member=Component TP13 TestPoint
Added Member To Class: ClassName=VREG_CCU_HAS Member=Component TP14 TestPoint
Added Member To Class: ClassName=VREG_CCU_HAS Member=Component TP15 TestPoint
Added Member To Class: ClassName=VREG_CCU_HAS Member=Component TP16 TestPoint
Added Member To Class: ClassName=VREG_CCU_HAS Member=Component TP17 TestPoint
Added Member To Class: ClassName=VREG_CCU_HAS Member=Component TP18 TestPoint
Added Member To Class: ClassName=VREG_CCU_HAS Member=Component TP19 TestPoint
Added Member To Class: ClassName=VREG_CCU_HAS Member=Component U13 TPS562208DDCR
