Removed Pin From Net: NetName=NetQ7_1 Pin=U1-113
Removed Pin From Net: NetName=NetQ8_1 Pin=U1-116
Removed Pin From Net: NetName=NetQ9_1 Pin=U1-117
Removed Pin From Net: NetName=NetQ10_1 Pin=U1-124
Removed Pin From Net: NetName=NetQ11_1 Pin=U1-125
Removed Pin From Net: NetName=NetQ12_1 Pin=U1-126
Removed Pin From Net: NetName=NetQ13_1 Pin=U1-127
Removed Pin From Net: NetName=NetQ15_1 Pin=U1-131
Removed Pin From Net: NetName=NetQ16_1 Pin=U1-132
Removed Pin From Net: NetName=NetQ17_1 Pin=U1-133
Removed Pin From Net: NetName=NetQ18_1 Pin=U1-134
Removed Pin From Net: NetName=NetQ19_1 Pin=U1-139
Removed Pin From Net: NetName=NetQ20_1 Pin=U1-140
Removed Pin From Net: NetName=NetQ21_1 Pin=U1-141
Added Pin To Net: NetName=NetQ21_1 Pin=U1-113
Added Pin To Net: NetName=NetQ20_1 Pin=U1-116
Added Pin To Net: NetName=NetQ19_1 Pin=U1-117
Added Pin To Net: NetName=NetQ18_1 Pin=U1-124
Added Pin To Net: NetName=NetQ17_1 Pin=U1-125
Added Pin To Net: NetName=NetQ16_1 Pin=U1-126
Added Pin To Net: NetName=NetQ15_1 Pin=U1-127
Added Pin To Net: NetName=NetQ13_1 Pin=U1-131
Added Pin To Net: NetName=NetQ12_1 Pin=U1-132
Added Pin To Net: NetName=NetQ11_1 Pin=U1-133
Added Pin To Net: NetName=NetQ10_1 Pin=U1-134
Added Pin To Net: NetName=NetQ9_1 Pin=U1-139
Added Pin To Net: NetName=NetQ8_1 Pin=U1-140
Added Pin To Net: NetName=NetQ7_1 Pin=U1-141
Added Room: Name=CTL_RELAY_SHEET1_CCU_HAS
Added Room: Name=CTL_RELAY_SHEET2_CCU_HAS
Added Room: Name=ETH_ICD_CCU_HAS
Added Room: Name=HEADERS_HAS_CCU
Added Room: Name=MCU_SUPPORT_CCU_HAS
Added Room: Name=RS485_CCU_HAS
Added Room: Name=UI_CCU_HAS
Added Room: Name=USB_BREAKOUTS_CCU_HAS
Added Room: Name=VREG_CCU_HAS
