Added Component: Designator=C50(NonPolar-0402)
Add component. Clean all parameters for all variants
Added Component: Designator=C51(NonPolar-0402)
Add component. Clean all parameters for all variants
Added Component: Designator=C52(NonPolar-0402)
Add component. Clean all parameters for all variants
Added Component: Designator=C53(NonPolar-0402)
Add component. Clean all parameters for all variants
Added Component: Designator=C54(NonPolar-0402)
Add component. Clean all parameters for all variants
Added Component: Designator=C55(NonPolar-0402)
Add component. Clean all parameters for all variants
Added Component: Designator=C56(NonPolar-0402)
Add component. Clean all parameters for all variants
Added Component: Designator=C57(NonPolar-0402)
Add component. Clean all parameters for all variants
Added Component: Designator=C58(NonPolar-0402)
Add component. Clean all parameters for all variants
Added Component: Designator=C59(NonPolar-0402)
Add component. Clean all parameters for all variants
Added Component: Designator=C60(NonPolar-0402)
Add component. Clean all parameters for all variants
Added Component: Designator=C61(NonPolar-0402)
Add component. Clean all parameters for all variants
Added Component: Designator=C62(NonPolar-0402)
Add component. Clean all parameters for all variants
Added Component: Designator=C63(NonPolar-0402)
Add component. Clean all parameters for all variants
Added Component: Designator=C64(NonPolar-0402)
Add component. Clean all parameters for all variants
Added Component: Designator=C65(NonPolar-0402)
Add component. Clean all parameters for all variants
Added Component: Designator=C66(NonPolar-0402)
Add component. Clean all parameters for all variants
Added Component: Designator=C67(NonPolar-0402)
Add component. Clean all parameters for all variants
Added Component: Designator=C68(NonPolar-0402)
Add component. Clean all parameters for all variants
Added Component: Designator=C69(NonPolar-0402)
Add component. Clean all parameters for all variants
Added Component: Designator=C70(NonPolar-0402)
Add component. Clean all parameters for all variants
Added Component: Designator=C71(NonPolar-0402)
Add component. Clean all parameters for all variants
Added Component: Designator=C72(NonPolar-0402)
Add component. Clean all parameters for all variants
Added Component: Designator=C73(NonPolar-0402)
Add component. Clean all parameters for all variants
Added Pin To Net: NetName=GND Pin=C50-1
Added Pin To Net: NetName=3V3DC Pin=C50-2
Added Pin To Net: NetName=GND Pin=C51-1
Added Pin To Net: NetName=3V3DC Pin=C51-2
Added Pin To Net: NetName=GND Pin=C52-1
Added Pin To Net: NetName=3V3DC Pin=C52-2
Added Pin To Net: NetName=GND Pin=C53-1
Added Pin To Net: NetName=3V3DC Pin=C53-2
Added Pin To Net: NetName=GND Pin=C54-1
Added Pin To Net: NetName=3V3DC Pin=C54-2
Added Pin To Net: NetName=GND Pin=C55-1
Added Pin To Net: NetName=3V3DC Pin=C55-2
Added Pin To Net: NetName=GND Pin=C56-1
Added Pin To Net: NetName=3V3DC Pin=C56-2
Added Pin To Net: NetName=GND Pin=C57-1
Added Pin To Net: NetName=3V3DC Pin=C57-2
Added Pin To Net: NetName=GND Pin=C58-1
Added Pin To Net: NetName=3V3DC Pin=C58-2
Added Pin To Net: NetName=GND Pin=C59-1
Added Pin To Net: NetName=3V3DC Pin=C59-2
Added Pin To Net: NetName=GND Pin=C60-1
Added Pin To Net: NetName=3V3DC Pin=C60-2
Added Pin To Net: NetName=GND Pin=C61-1
Added Pin To Net: NetName=3V3DC Pin=C61-2
Added Pin To Net: NetName=GND Pin=C62-1
Added Pin To Net: NetName=3V3DC Pin=C62-2
Added Pin To Net: NetName=GND Pin=C63-1
Added Pin To Net: NetName=3V3DC Pin=C63-2
Added Pin To Net: NetName=GND Pin=C64-1
Added Pin To Net: NetName=3V3DC Pin=C64-2
Added Pin To Net: NetName=GND Pin=C65-1
Added Pin To Net: NetName=3V3DC Pin=C65-2
Added Pin To Net: NetName=GND Pin=C66-1
Added Pin To Net: NetName=3V3DC Pin=C66-2
Added Pin To Net: NetName=GND Pin=C67-1
Added Pin To Net: NetName=3V3DC Pin=C67-2
Added Pin To Net: NetName=GND Pin=C68-1
Added Pin To Net: NetName=3V3DC Pin=C68-2
Added Pin To Net: NetName=GND Pin=C69-1
Added Pin To Net: NetName=3V3DC Pin=C69-2
Added Pin To Net: NetName=GND Pin=C70-1
Added Pin To Net: NetName=3V3DC Pin=C70-2
Added Pin To Net: NetName=GND Pin=C71-1
Added Pin To Net: NetName=3V3DC Pin=C71-2
Added Pin To Net: NetName=GND Pin=C72-1
Added Pin To Net: NetName=5VDC Pin=C72-2
Added Pin To Net: NetName=GND Pin=C73-1
Added Pin To Net: NetName=5VDC Pin=C73-2
Added Member To Class: ClassName=CTL_RELAY_SHEET1_CCU_HAS Member=Component C50 0.1uF
Added Member To Class: ClassName=CTL_RELAY_SHEET1_CCU_HAS Member=Component C51 0.1uF
Added Member To Class: ClassName=CTL_RELAY_SHEET1_CCU_HAS Member=Component C52 0.1uF
Added Member To Class: ClassName=CTL_RELAY_SHEET1_CCU_HAS Member=Component C53 0.1uF
Added Member To Class: ClassName=CTL_RELAY_SHEET1_CCU_HAS Member=Component C54 0.1uF
Added Member To Class: ClassName=CTL_RELAY_SHEET1_CCU_HAS Member=Component C55 0.1uF
Added Member To Class: ClassName=CTL_RELAY_SHEET1_CCU_HAS Member=Component C56 0.1uF
Added Member To Class: ClassName=CTL_RELAY_SHEET2_CCU_HAS Member=Component C57 0.1uF
Added Member To Class: ClassName=CTL_RELAY_SHEET2_CCU_HAS Member=Component C58 0.1uF
Added Member To Class: ClassName=CTL_RELAY_SHEET2_CCU_HAS Member=Component C59 0.1uF
Added Member To Class: ClassName=CTL_RELAY_SHEET2_CCU_HAS Member=Component C60 0.1uF
Added Member To Class: ClassName=CTL_RELAY_SHEET2_CCU_HAS Member=Component C61 0.1uF
Added Member To Class: ClassName=CTL_RELAY_SHEET2_CCU_HAS Member=Component C62 0.1uF
Added Member To Class: ClassName=CTL_RELAY_SHEET2_CCU_HAS Member=Component C63 0.1uF
Added Member To Class: ClassName=CTL_RELAY_SHEET2_CCU_HAS Member=Component C64 0.1uF
Added Member To Class: ClassName=UI_CCU_HAS Member=Component C65 0.1uF
Added Member To Class: ClassName=UI_CCU_HAS Member=Component C66 0.1uF
Added Member To Class: ClassName=UI_CCU_HAS Member=Component C67 0.1uF
Added Member To Class: ClassName=UI_CCU_HAS Member=Component C68 0.1uF
Added Member To Class: ClassName=UI_CCU_HAS Member=Component C69 0.1uF
Added Member To Class: ClassName=UI_CCU_HAS Member=Component C70 0.1uF
Added Member To Class: ClassName=UI_CCU_HAS Member=Component C71 0.1uF
Added Member To Class: ClassName=UI_CCU_HAS Member=Component C72 0.1uF
Added Member To Class: ClassName=UI_CCU_HAS Member=Component C73 0.1uF
Added Room: Name=CTL_RELAY_SHEET1_CCU_HAS
Added Room: Name=CTL_RELAY_SHEET2_CCU_HAS
Added Room: Name=ETH_ICD_CCU_HAS
Added Room: Name=HEADERS_HAS_CCU
Added Room: Name=MCU_SUPPORT_CCU_HAS
Added Room: Name=RS485_CCU_HAS
Added Room: Name=UI_CCU_HAS
Added Room: Name=USB_BREAKOUTS_CCU_HAS
Added Room: Name=VREG_CCU_HAS
