Change Physical Footprint: Designator=B1 Old Footprint=Switch - 147873-1 New Footprint=Switch - 147873-1
Change Physical Footprint: Designator=B2 Old Footprint=Switch - 147873-1 New Footprint=Switch - 147873-1
Change Physical Footprint: Designator=B3 Old Footprint=Switch - 147873-1 New Footprint=Switch - 147873-1
Change Physical Footprint: Designator=B4 Old Footprint=Switch - 147873-1 New Footprint=Switch - 147873-1
Change Physical Footprint: Designator=B5 Old Footprint=Switch - 147873-1 New Footprint=Switch - 147873-1
Change Physical Footprint: Designator=C1 Old Footprint=NonPolar-0402 New Footprint=NonPolar-0402
Change Physical Footprint: Designator=C2 Old Footprint=NonPolar-0402 New Footprint=NonPolar-0402
Change Physical Footprint: Designator=C3 Old Footprint=NonPolar-0402 New Footprint=NonPolar-0402
Change Physical Footprint: Designator=C4 Old Footprint=NonPolar-0402 New Footprint=NonPolar-0402
Change Physical Footprint: Designator=C5 Old Footprint=NonPolar-0402 New Footprint=NonPolar-0402
Change Physical Footprint: Designator=C6 Old Footprint=NonPolar-0402 New Footprint=NonPolar-0402
Change Physical Footprint: Designator=C7 Old Footprint=NonPolar-0603 New Footprint=NonPolar-0603
Change Physical Footprint: Designator=C8 Old Footprint=NonPolar-0603 New Footprint=NonPolar-0603
Change Physical Footprint: Designator=C9 Old Footprint=NonPolar-0402 New Footprint=NonPolar-0402
Change Physical Footprint: Designator=C10 Old Footprint=NonPolar-0402 New Footprint=NonPolar-0402
Change Physical Footprint: Designator=C11 Old Footprint=NonPolar-0402 New Footprint=NonPolar-0402
Change Physical Footprint: Designator=C12 Old Footprint=NonPolar-0402 New Footprint=NonPolar-0402
Change Physical Footprint: Designator=C13 Old Footprint=NonPolar-0402 New Footprint=NonPolar-0402
Change Physical Footprint: Designator=C14 Old Footprint=NonPolar-0402 New Footprint=NonPolar-0402
Change Physical Footprint: Designator=C15 Old Footprint=NONPOLAR-1206 New Footprint=NONPOLAR-1206
Change Physical Footprint: Designator=C16 Old Footprint=NonPolar-0402 New Footprint=NonPolar-0402
Change Physical Footprint: Designator=C17 Old Footprint=NonPolar-0402 New Footprint=NonPolar-0402
Change Physical Footprint: Designator=C18 Old Footprint=NONPOLAR-1206 New Footprint=NONPOLAR-1206
Change Physical Footprint: Designator=C19 Old Footprint=NONPOLAR-1206 New Footprint=NONPOLAR-1206
Change Physical Footprint: Designator=C20 Old Footprint=NonPolar-0805 New Footprint=NonPolar-0805
Change Physical Footprint: Designator=C21 Old Footprint=NonPolar-0603 New Footprint=NonPolar-0603
Change Physical Footprint: Designator=C22 Old Footprint=NONPOLAR-1206 New Footprint=NONPOLAR-1206
Change Physical Footprint: Designator=C23 Old Footprint=NonPolar-0603 New Footprint=NonPolar-0603
Change Physical Footprint: Designator=C24 Old Footprint=NonPolar-0805 New Footprint=NonPolar-0805
Change Physical Footprint: Designator=C25 Old Footprint=NONPOLAR-1206 New Footprint=NONPOLAR-1206
Change Physical Footprint: Designator=C26 Old Footprint=NonPolar-0603 New Footprint=NonPolar-0603
Change Physical Footprint: Designator=C27 Old Footprint=NonPolar-0805 New Footprint=NonPolar-0805
Change Physical Footprint: Designator=C28 Old Footprint=NONPOLAR-1206 New Footprint=NONPOLAR-1206
Change Physical Footprint: Designator=C29 Old Footprint=NonPolar-0402 New Footprint=NonPolar-0402
Change Physical Footprint: Designator=C30 Old Footprint=NonPolar-0402 New Footprint=NonPolar-0402
Change Physical Footprint: Designator=C31 Old Footprint=NONPOLAR-1206 New Footprint=NONPOLAR-1206
Change Physical Footprint: Designator=C32 Old Footprint=NONPOLAR-1206 New Footprint=NONPOLAR-1206
Change Physical Footprint: Designator=C33 Old Footprint=NONPOLAR-1206 New Footprint=NONPOLAR-1206
Change Physical Footprint: Designator=C34 Old Footprint=NONPOLAR-1206 New Footprint=NONPOLAR-1206
Change Physical Footprint: Designator=C35 Old Footprint=NonPolar-0402 New Footprint=NonPolar-0402
Change Physical Footprint: Designator=C36 Old Footprint=NonPolar-0402 New Footprint=NonPolar-0402
Change Physical Footprint: Designator=C37 Old Footprint=NonPolar-0402 New Footprint=NonPolar-0402
Change Physical Footprint: Designator=C38 Old Footprint=NonPolar-0402 New Footprint=NonPolar-0402
Change Physical Footprint: Designator=C39 Old Footprint=NonPolar-0402 New Footprint=NonPolar-0402
Change Physical Footprint: Designator=C40 Old Footprint=NonPolar-0402 New Footprint=NonPolar-0402
Change Physical Footprint: Designator=C41 Old Footprint=NonPolar-0402 New Footprint=NonPolar-0402
Change Physical Footprint: Designator=C42 Old Footprint=NonPolar-0402 New Footprint=NonPolar-0402
Change Physical Footprint: Designator=C43 Old Footprint=NonPolar-0402 New Footprint=NonPolar-0402
Change Physical Footprint: Designator=C44 Old Footprint=NonPolar-0402 New Footprint=NonPolar-0402
Change Physical Footprint: Designator=C45 Old Footprint=NonPolar-0402 New Footprint=NonPolar-0402
Change Physical Footprint: Designator=C46 Old Footprint=NonPolar-0402 New Footprint=NonPolar-0402
Change Physical Footprint: Designator=C47 Old Footprint=NonPolar-0402 New Footprint=NonPolar-0402
Change Physical Footprint: Designator=C48 Old Footprint=NonPolar-0402 New Footprint=NonPolar-0402
Change Physical Footprint: Designator=C49 Old Footprint=NonPolar-0402 New Footprint=NonPolar-0402
Change Physical Footprint: Designator=C50 Old Footprint=NonPolar-0402 New Footprint=NonPolar-0402
Change Physical Footprint: Designator=C51 Old Footprint=NonPolar-0402 New Footprint=NonPolar-0402
Change Physical Footprint: Designator=C52 Old Footprint=NonPolar-0402 New Footprint=NonPolar-0402
Change Physical Footprint: Designator=C53 Old Footprint=NonPolar-0402 New Footprint=NonPolar-0402
Change Physical Footprint: Designator=C54 Old Footprint=NonPolar-0402 New Footprint=NonPolar-0402
Change Physical Footprint: Designator=C55 Old Footprint=NonPolar-0402 New Footprint=NonPolar-0402
Change Physical Footprint: Designator=C56 Old Footprint=NonPolar-0402 New Footprint=NonPolar-0402
Change Physical Footprint: Designator=C57 Old Footprint=NonPolar-0402 New Footprint=NonPolar-0402
Change Physical Footprint: Designator=C58 Old Footprint=NonPolar-0402 New Footprint=NonPolar-0402
Change Physical Footprint: Designator=C59 Old Footprint=NonPolar-0402 New Footprint=NonPolar-0402
Change Physical Footprint: Designator=C60 Old Footprint=NonPolar-0402 New Footprint=NonPolar-0402
Change Physical Footprint: Designator=C61 Old Footprint=NonPolar-0402 New Footprint=NonPolar-0402
Change Physical Footprint: Designator=C62 Old Footprint=NonPolar-0402 New Footprint=NonPolar-0402
Change Physical Footprint: Designator=C63 Old Footprint=NonPolar-0402 New Footprint=NonPolar-0402
Change Physical Footprint: Designator=C64 Old Footprint=NonPolar-0402 New Footprint=NonPolar-0402
Change Physical Footprint: Designator=C65 Old Footprint=NonPolar-0402 New Footprint=NonPolar-0402
Change Physical Footprint: Designator=C66 Old Footprint=NonPolar-0402 New Footprint=NonPolar-0402
Change Physical Footprint: Designator=C67 Old Footprint=NonPolar-0402 New Footprint=NonPolar-0402
Change Physical Footprint: Designator=C68 Old Footprint=NonPolar-0402 New Footprint=NonPolar-0402
Change Physical Footprint: Designator=C69 Old Footprint=NonPolar-0402 New Footprint=NonPolar-0402
Change Physical Footprint: Designator=C70 Old Footprint=NonPolar-0402 New Footprint=NonPolar-0402
Change Physical Footprint: Designator=C71 Old Footprint=NonPolar-0402 New Footprint=NonPolar-0402
Change Physical Footprint: Designator=C72 Old Footprint=NonPolar-0402 New Footprint=NonPolar-0402
Change Physical Footprint: Designator=C73 Old Footprint=NonPolar-0402 New Footprint=NonPolar-0402
Change Physical Footprint: Designator=C74 Old Footprint=NonPolar-0402 New Footprint=NonPolar-0402
Change Physical Footprint: Designator=C75 Old Footprint=NonPolar-0402 New Footprint=NonPolar-0402
Change Physical Footprint: Designator=C76 Old Footprint=NonPolar-0402 New Footprint=NonPolar-0402
Change Physical Footprint: Designator=C77 Old Footprint=NonPolar-0402 New Footprint=NonPolar-0402
Change Physical Footprint: Designator=C78 Old Footprint=NonPolar-0402 New Footprint=NonPolar-0402
Change Physical Footprint: Designator=C79 Old Footprint=NonPolar-0402 New Footprint=NonPolar-0402
Change Physical Footprint: Designator=C80 Old Footprint=NonPolar-0402 New Footprint=NonPolar-0402
Change Physical Footprint: Designator=C81 Old Footprint=NonPolar-0402 New Footprint=NonPolar-0402
Change Physical Footprint: Designator=C82 Old Footprint=NonPolar-0402 New Footprint=NonPolar-0402
Change Physical Footprint: Designator=C83 Old Footprint=NonPolar-0402 New Footprint=NonPolar-0402
Change Physical Footprint: Designator=C84 Old Footprint=NonPolar-0402 New Footprint=NonPolar-0402
Change Physical Footprint: Designator=C85 Old Footprint=NonPolar-0402 New Footprint=NonPolar-0402
Change Physical Footprint: Designator=C86 Old Footprint=NonPolar-0402 New Footprint=NonPolar-0402
Change Physical Footprint: Designator=C87 Old Footprint=NonPolar-0402 New Footprint=NonPolar-0402
Change Physical Footprint: Designator=C88 Old Footprint=NonPolar-0402 New Footprint=NonPolar-0402
Change Physical Footprint: Designator=C89 Old Footprint=NonPolar-0402 New Footprint=NonPolar-0402
Change Physical Footprint: Designator=C90 Old Footprint=NonPolar-0402 New Footprint=NonPolar-0402
Change Physical Footprint: Designator=C91 Old Footprint=NonPolar-0402 New Footprint=NonPolar-0402
Change Physical Footprint: Designator=C92 Old Footprint=NonPolar-0402 New Footprint=NonPolar-0402
Change Physical Footprint: Designator=C93 Old Footprint=NonPolar-0402 New Footprint=NonPolar-0402
Change Physical Footprint: Designator=C94 Old Footprint=NonPolar-0402 New Footprint=NonPolar-0402
Change Physical Footprint: Designator=C95 Old Footprint=NonPolar-0402 New Footprint=NonPolar-0402
Change Physical Footprint: Designator=C96 Old Footprint=NonPolar-0402 New Footprint=NonPolar-0402
Change Physical Footprint: Designator=C97 Old Footprint=NonPolar-0402 New Footprint=NonPolar-0402
Change Physical Footprint: Designator=C98 Old Footprint=NonPolar-0402 New Footprint=NonPolar-0402
Change Physical Footprint: Designator=C99 Old Footprint=NonPolar-0402 New Footprint=NonPolar-0402
Change Physical Footprint: Designator=D1 Old Footprint=BAT43WS-E3-08 New Footprint=BAT43WS-E3-08
Change Physical Footprint: Designator=F1 Old Footprint=Fuse-MF-SMDF030-2 New Footprint=Fuse-MF-SMDF030-2
Change Physical Footprint: Designator=F2 Old Footprint=Fuse-MF-SMDF030-2 New Footprint=Fuse-MF-SMDF030-2
Change Physical Footprint: Designator=F3 Old Footprint=Fuse-MF-SMDF030-2 New Footprint=Fuse-MF-SMDF030-2
Change Physical Footprint: Designator=F4 Old Footprint=Fuse-MF-SMDF030-2 New Footprint=Fuse-MF-SMDF030-2
Change Physical Footprint: Designator=F5 Old Footprint=Fuse-MF-SMDF030-2 New Footprint=Fuse-MF-SMDF030-2
Change Physical Footprint: Designator=F6 Old Footprint=Fuse-MF-SMDF030-2 New Footprint=Fuse-MF-SMDF030-2
Change Physical Footprint: Designator=F7 Old Footprint=Fuse-MF-SMDF030-2 New Footprint=Fuse-MF-SMDF030-2
Change Physical Footprint: Designator=F8 Old Footprint=Fuse-MF-SMDF030-2 New Footprint=Fuse-MF-SMDF030-2
Change Physical Footprint: Designator=F9 Old Footprint=Fuse-MF-SMDF030-2 New Footprint=Fuse-MF-SMDF030-2
Change Physical Footprint: Designator=F10 Old Footprint=Fuse-MF-SMDF030-2 New Footprint=Fuse-MF-SMDF030-2
Change Physical Footprint: Designator=F11 Old Footprint=Fuse-MF-SMDF030-2 New Footprint=Fuse-MF-SMDF030-2
Change Physical Footprint: Designator=F12 Old Footprint=Fuse-MF-SMDF030-2 New Footprint=Fuse-MF-SMDF030-2
Change Physical Footprint: Designator=F13 Old Footprint=Fuse-MF-SMDF030-2 New Footprint=Fuse-MF-SMDF030-2
Change Physical Footprint: Designator=F14 Old Footprint=Fuse-MF-SMDF030-2 New Footprint=Fuse-MF-SMDF030-2
Change Physical Footprint: Designator=F15 Old Footprint=Fuse-MF-SMDF030-2 New Footprint=Fuse-MF-SMDF030-2
Change Physical Footprint: Designator=FB1 Old Footprint=NonPolar-0805 New Footprint=NonPolar-0805
Change Physical Footprint: Designator=FB2 Old Footprint=NonPolar-0805 New Footprint=NonPolar-0805
Change Physical Footprint: Designator=FB3 Old Footprint=NonPolar-0805 New Footprint=NonPolar-0805
Change Physical Footprint: Designator=J1 Old Footprint=615008137421 New Footprint=615008137421
Change Physical Footprint: Designator=J2 Old Footprint=1824734 New Footprint=1824734
Change Physical Footprint: Designator=J3 Old Footprint=1824530 New Footprint=1824530
Change Physical Footprint: Designator=J4 Old Footprint=SWITCH-RAPC712X-3_V New Footprint=SWITCH-RAPC712X-3_V
Change Physical Footprint: Designator=J5 Old Footprint=1824734 New Footprint=1824734
Change Physical Footprint: Designator=J6 Old Footprint=1824734 New Footprint=1824734
Change Physical Footprint: Designator=J7 Old Footprint=1824734 New Footprint=1824734
Change Physical Footprint: Designator=J8 Old Footprint=1824734 New Footprint=1824734
Change Physical Footprint: Designator=J9 Old Footprint=1824734 New Footprint=1824734
Change Physical Footprint: Designator=J10 Old Footprint=TE-292303-1_V New Footprint=TE-292303-1_V
Change Physical Footprint: Designator=K1 Old Footprint=PVG612PBF New Footprint=PVG612PBF
Change Physical Footprint: Designator=K2 Old Footprint=PVG612PBF New Footprint=PVG612PBF
Change Physical Footprint: Designator=K3 Old Footprint=PVG612PBF New Footprint=PVG612PBF
Change Physical Footprint: Designator=K4 Old Footprint=PVG612PBF New Footprint=PVG612PBF
Change Physical Footprint: Designator=K5 Old Footprint=PVG612PBF New Footprint=PVG612PBF
Change Physical Footprint: Designator=K6 Old Footprint=PVG612PBF New Footprint=PVG612PBF
Change Physical Footprint: Designator=K7 Old Footprint=PVG612PBF New Footprint=PVG612PBF
Change Physical Footprint: Designator=K8 Old Footprint=PVG612PBF New Footprint=PVG612PBF
Change Physical Footprint: Designator=K9 Old Footprint=PVG612PBF New Footprint=PVG612PBF
Change Physical Footprint: Designator=K10 Old Footprint=PVG612PBF New Footprint=PVG612PBF
Change Physical Footprint: Designator=K11 Old Footprint=PVG612PBF New Footprint=PVG612PBF
Change Physical Footprint: Designator=K12 Old Footprint=PVG612PBF New Footprint=PVG612PBF
Change Physical Footprint: Designator=K13 Old Footprint=PVG612PBF New Footprint=PVG612PBF
Change Physical Footprint: Designator=K14 Old Footprint=PVG612PBF New Footprint=PVG612PBF
Change Physical Footprint: Designator=K15 Old Footprint=PVG612PBF New Footprint=PVG612PBF
Change Physical Footprint: Designator=L1 Old Footprint=XEL6030-33uH New Footprint=XEL6030-33uH
Change Physical Footprint: Designator=L2 Old Footprint=XEL6030-33uH New Footprint=XEL6030-33uH
Change Physical Footprint: Designator=L3 Old Footprint=XEL6030-33uH New Footprint=XEL6030-33uH
Change Physical Footprint: Designator=LED1 Old Footprint=HDR1X2 New Footprint=HDR1X2
Change Physical Footprint: Designator=LED2 Old Footprint=HDR1X2 New Footprint=HDR1X2
Change Physical Footprint: Designator=LED3 Old Footprint=HDR1X2 New Footprint=HDR1X2
Change Physical Footprint: Designator=LED4 Old Footprint=LED-0603 New Footprint=LED-0603
Change Physical Footprint: Designator=LED5 Old Footprint=LED-0603 New Footprint=LED-0603
Change Physical Footprint: Designator=LED6 Old Footprint=LED-0603 New Footprint=LED-0603
Change Physical Footprint: Designator=LED7 Old Footprint=LED-0603 New Footprint=LED-0603
Change Physical Footprint: Designator=LED8 Old Footprint=LED-0603 New Footprint=LED-0603
Change Physical Footprint: Designator=LED9 Old Footprint=LED-0603 New Footprint=LED-0603
Change Physical Footprint: Designator=LED10 Old Footprint=LED-0603 New Footprint=LED-0603
Change Physical Footprint: Designator=LED11 Old Footprint=LED-0603 New Footprint=LED-0603
Change Physical Footprint: Designator=LED12 Old Footprint=LED-0603 New Footprint=LED-0603
Change Physical Footprint: Designator=LED13 Old Footprint=LED-0603 New Footprint=LED-0603
Change Physical Footprint: Designator=LED14 Old Footprint=LED-0603 New Footprint=LED-0603
Change Physical Footprint: Designator=LED15 Old Footprint=LED-0603 New Footprint=LED-0603
Change Physical Footprint: Designator=LED16 Old Footprint=LED-0603 New Footprint=LED-0603
Change Physical Footprint: Designator=LED17 Old Footprint=LED-0603 New Footprint=LED-0603
Change Physical Footprint: Designator=LED18 Old Footprint=LED-0603 New Footprint=LED-0603
Change Physical Footprint: Designator=LED19 Old Footprint=LED-0603 New Footprint=LED-0603
Change Physical Footprint: Designator=LED20 Old Footprint=LED-0603 New Footprint=LED-0603
Change Physical Footprint: Designator=LED21 Old Footprint=LED-0603 New Footprint=LED-0603
Change Physical Footprint: Designator=LED22 Old Footprint=LED-0603 New Footprint=LED-0603
Change Physical Footprint: Designator=LED23 Old Footprint=LED-0603 New Footprint=LED-0603
Change Physical Footprint: Designator=LED24 Old Footprint=LED-0603 New Footprint=LED-0603
Change Physical Footprint: Designator=LED25 Old Footprint=LED-0603 New Footprint=LED-0603
Change Physical Footprint: Designator=LED26 Old Footprint=LED-0603 New Footprint=LED-0603
Change Physical Footprint: Designator=P1 Old Footprint=HDR1X6 New Footprint=HDR1X6
Change Physical Footprint: Designator=P2 Old Footprint=HDR1X2 New Footprint=HDR1X2
Change Physical Footprint: Designator=P3 Old Footprint=HDR1X2 New Footprint=HDR1X2
Change Physical Footprint: Designator=P4 Old Footprint=HDR1X2 New Footprint=HDR1X2
Change Physical Footprint: Designator=P5 Old Footprint=HDR1X2 New Footprint=HDR1X2
Change Physical Footprint: Designator=P6 Old Footprint=HDR1X2 New Footprint=HDR1X2
Change Physical Footprint: Designator=P7 Old Footprint=HDR1X2 New Footprint=HDR1X2
Change Physical Footprint: Designator=P8 Old Footprint=HDR1X2 New Footprint=HDR1X2
Change Physical Footprint: Designator=P9 Old Footprint=HDR1X2 New Footprint=HDR1X2
Change Physical Footprint: Designator=P10 Old Footprint=HDR1X2 New Footprint=HDR1X2
Change Physical Footprint: Designator=P11 Old Footprint=HDR1X4 New Footprint=HDR1X4
Change Physical Footprint: Designator=P12 Old Footprint=HDR1X20 New Footprint=HDR1X20
Change Physical Footprint: Designator=P13 Old Footprint=HDR1X2 New Footprint=HDR1X2
Change Physical Footprint: Designator=P14 Old Footprint=HDR1X2 New Footprint=HDR1X2
Change Physical Footprint: Designator=P15 Old Footprint=HDR1X3 New Footprint=HDR1X3
Change Physical Footprint: Designator=P16 Old Footprint=HDR1X3 New Footprint=HDR1X3
Change Physical Footprint: Designator=P17 Old Footprint=HDR1X3 New Footprint=HDR1X3
Change Physical Footprint: Designator=P18 Old Footprint=HDR1X2 New Footprint=HDR1X2
Change Physical Footprint: Designator=P19 Old Footprint=HDR1X3 New Footprint=HDR1X3
Change Physical Footprint: Designator=P20 Old Footprint=HDR1X3 New Footprint=HDR1X3
Change Physical Footprint: Designator=P21 Old Footprint=HDR1X3 New Footprint=HDR1X3
Change Physical Footprint: Designator=P22 Old Footprint=HDR1X3 New Footprint=HDR1X3
Change Physical Footprint: Designator=P23 Old Footprint=HDR1X2 New Footprint=HDR1X2
Change Physical Footprint: Designator=P24 Old Footprint=HDR1X3 New Footprint=HDR1X3
Change Physical Footprint: Designator=P25 Old Footprint=HDR1X3 New Footprint=HDR1X3
Change Physical Footprint: Designator=P26 Old Footprint=HDR1X3 New Footprint=HDR1X3
Change Physical Footprint: Designator=P27 Old Footprint=HDR1X3 New Footprint=HDR1X3
Change Physical Footprint: Designator=P28 Old Footprint=HDR1X2 New Footprint=HDR1X2
Change Physical Footprint: Designator=Q1 Old Footprint=3-PIn? New Footprint=3-PIn?
Change Physical Footprint: Designator=Q2 Old Footprint=BSS138-SOT23 New Footprint=BSS138-SOT23
Change Physical Footprint: Designator=Q3 Old Footprint=BSS138-SOT23 New Footprint=BSS138-SOT23
Change Physical Footprint: Designator=Q4 Old Footprint=BSS138-SOT23 New Footprint=BSS138-SOT23
Change Physical Footprint: Designator=Q5 Old Footprint=BSS138-SOT23 New Footprint=BSS138-SOT23
Change Physical Footprint: Designator=Q6 Old Footprint=BSS138-SOT23 New Footprint=BSS138-SOT23
Change Physical Footprint: Designator=Q7 Old Footprint=BSS138-SOT23 New Footprint=BSS138-SOT23
Change Physical Footprint: Designator=Q8 Old Footprint=BSS138-SOT23 New Footprint=BSS138-SOT23
Change Physical Footprint: Designator=Q9 Old Footprint=BSS138-SOT23 New Footprint=BSS138-SOT23
Change Physical Footprint: Designator=Q10 Old Footprint=BSS138-SOT23 New Footprint=BSS138-SOT23
Change Physical Footprint: Designator=Q11 Old Footprint=BSS138-SOT23 New Footprint=BSS138-SOT23
Change Physical Footprint: Designator=Q12 Old Footprint=BSS138-SOT23 New Footprint=BSS138-SOT23
Change Physical Footprint: Designator=Q13 Old Footprint=BSS138-SOT23 New Footprint=BSS138-SOT23
Change Physical Footprint: Designator=Q14 Old Footprint=BSS138-SOT23 New Footprint=BSS138-SOT23
Change Physical Footprint: Designator=Q15 Old Footprint=BSS138-SOT23 New Footprint=BSS138-SOT23
Change Physical Footprint: Designator=Q16 Old Footprint=BSS138-SOT23 New Footprint=BSS138-SOT23
Change Physical Footprint: Designator=Q17 Old Footprint=BSS138-SOT23 New Footprint=BSS138-SOT23
Change Physical Footprint: Designator=Q18 Old Footprint=BSS138-SOT23 New Footprint=BSS138-SOT23
Change Physical Footprint: Designator=Q19 Old Footprint=BSS138-SOT23 New Footprint=BSS138-SOT23
Change Physical Footprint: Designator=Q20 Old Footprint=BSS138-SOT23 New Footprint=BSS138-SOT23
Change Physical Footprint: Designator=Q21 Old Footprint=BSS138-SOT23 New Footprint=BSS138-SOT23
Change Physical Footprint: Designator=R1 Old Footprint=NonPolar-0603 New Footprint=NonPolar-0603
Change Physical Footprint: Designator=R2 Old Footprint=NonPolar-0603 New Footprint=NonPolar-0603
Change Physical Footprint: Designator=R3 Old Footprint=NonPolar-0603 New Footprint=NonPolar-0603
Change Physical Footprint: Designator=R4 Old Footprint=NonPolar-0603 New Footprint=NonPolar-0603
Change Physical Footprint: Designator=R5 Old Footprint=NonPolar-0603 New Footprint=NonPolar-0603
Change Physical Footprint: Designator=R6 Old Footprint=NonPolar-0603 New Footprint=NonPolar-0603
Change Physical Footprint: Designator=R7 Old Footprint=NonPolar-0603 New Footprint=NonPolar-0603
Change Physical Footprint: Designator=R8 Old Footprint=NonPolar-0603 New Footprint=NonPolar-0603
Change Physical Footprint: Designator=R9 Old Footprint=NonPolar-0603 New Footprint=NonPolar-0603
Change Physical Footprint: Designator=R10 Old Footprint=NonPolar-0603 New Footprint=NonPolar-0603
Change Physical Footprint: Designator=R11 Old Footprint=NonPolar-0603 New Footprint=NonPolar-0603
Change Physical Footprint: Designator=R12 Old Footprint=NonPolar-0603 New Footprint=NonPolar-0603
Change Physical Footprint: Designator=R13 Old Footprint=NonPolar-0603 New Footprint=NonPolar-0603
Change Physical Footprint: Designator=R14 Old Footprint=NonPolar-0603 New Footprint=NonPolar-0603
Change Physical Footprint: Designator=R15 Old Footprint=NonPolar-0603 New Footprint=NonPolar-0603
Change Physical Footprint: Designator=R16 Old Footprint=NonPolar-0603 New Footprint=NonPolar-0603
Change Physical Footprint: Designator=R17 Old Footprint=NonPolar-0603 New Footprint=NonPolar-0603
Change Physical Footprint: Designator=R18 Old Footprint=NonPolar-0603 New Footprint=NonPolar-0603
Change Physical Footprint: Designator=R19 Old Footprint=NonPolar-0603 New Footprint=NonPolar-0603
Change Physical Footprint: Designator=R20 Old Footprint=NonPolar-0603 New Footprint=NonPolar-0603
Change Physical Footprint: Designator=R21 Old Footprint=NonPolar-0603 New Footprint=NonPolar-0603
Change Physical Footprint: Designator=R22 Old Footprint=NonPolar-0603 New Footprint=NonPolar-0603
Change Physical Footprint: Designator=R23 Old Footprint=NonPolar-0603 New Footprint=NonPolar-0603
Change Physical Footprint: Designator=R24 Old Footprint=NonPolar-0603 New Footprint=NonPolar-0603
Change Physical Footprint: Designator=R25 Old Footprint=NonPolar-0603 New Footprint=NonPolar-0603
Change Physical Footprint: Designator=R26 Old Footprint=NonPolar-0603 New Footprint=NonPolar-0603
Change Physical Footprint: Designator=R27 Old Footprint=NonPolar-0603 New Footprint=NonPolar-0603
Change Physical Footprint: Designator=R28 Old Footprint=NonPolar-0603 New Footprint=NonPolar-0603
Change Physical Footprint: Designator=R29 Old Footprint=NonPolar-0603 New Footprint=NonPolar-0603
Change Physical Footprint: Designator=R30 Old Footprint=NonPolar-0603 New Footprint=NonPolar-0603
Change Physical Footprint: Designator=R31 Old Footprint=NonPolar-0603 New Footprint=NonPolar-0603
Change Physical Footprint: Designator=R32 Old Footprint=NonPolar-0603 New Footprint=NonPolar-0603
Change Physical Footprint: Designator=R33 Old Footprint=NonPolar-0603 New Footprint=NonPolar-0603
Change Physical Footprint: Designator=R34 Old Footprint=NonPolar-0603 New Footprint=NonPolar-0603
Change Physical Footprint: Designator=R35 Old Footprint=NonPolar-0603 New Footprint=NonPolar-0603
Change Physical Footprint: Designator=R36 Old Footprint=NonPolar-0603 New Footprint=NonPolar-0603
Change Physical Footprint: Designator=R37 Old Footprint=NonPolar-0603 New Footprint=NonPolar-0603
Change Physical Footprint: Designator=R38 Old Footprint=NonPolar-0603 New Footprint=NonPolar-0603
Change Physical Footprint: Designator=R39 Old Footprint=NonPolar-0603 New Footprint=NonPolar-0603
Change Physical Footprint: Designator=R40 Old Footprint=NonPolar-0603 New Footprint=NonPolar-0603
Change Physical Footprint: Designator=R41 Old Footprint=NonPolar-0603 New Footprint=NonPolar-0603
Change Physical Footprint: Designator=R42 Old Footprint=NonPolar-0603 New Footprint=NonPolar-0603
Change Physical Footprint: Designator=R43 Old Footprint=NonPolar-0603 New Footprint=NonPolar-0603
Change Physical Footprint: Designator=R44 Old Footprint=NonPolar-0603 New Footprint=NonPolar-0603
Change Physical Footprint: Designator=R45 Old Footprint=NonPolar-0603 New Footprint=NonPolar-0603
Change Physical Footprint: Designator=R46 Old Footprint=NonPolar-0603 New Footprint=NonPolar-0603
Change Physical Footprint: Designator=R47 Old Footprint=NonPolar-0603 New Footprint=NonPolar-0603
Change Physical Footprint: Designator=R48 Old Footprint=NonPolar-0603 New Footprint=NonPolar-0603
Change Physical Footprint: Designator=R49 Old Footprint=NonPolar-0603 New Footprint=NonPolar-0603
Change Physical Footprint: Designator=R50 Old Footprint=NonPolar-0603 New Footprint=NonPolar-0603
Change Physical Footprint: Designator=R51 Old Footprint=NonPolar-0603 New Footprint=NonPolar-0603
Change Physical Footprint: Designator=R52 Old Footprint=NonPolar-0603 New Footprint=NonPolar-0603
Change Physical Footprint: Designator=R53 Old Footprint=NonPolar-0603 New Footprint=NonPolar-0603
Change Physical Footprint: Designator=R54 Old Footprint=NonPolar-0603 New Footprint=NonPolar-0603
Change Physical Footprint: Designator=R55 Old Footprint=NonPolar-0603 New Footprint=NonPolar-0603
Change Physical Footprint: Designator=R56 Old Footprint=NonPolar-0603 New Footprint=NonPolar-0603
Change Physical Footprint: Designator=R57 Old Footprint=NonPolar-0603 New Footprint=NonPolar-0603
Change Physical Footprint: Designator=R58 Old Footprint=NonPolar-0603 New Footprint=NonPolar-0603
Change Physical Footprint: Designator=R59 Old Footprint=NonPolar-0603 New Footprint=NonPolar-0603
Change Physical Footprint: Designator=R60 Old Footprint=NonPolar-0603 New Footprint=NonPolar-0603
Change Physical Footprint: Designator=R61 Old Footprint=NonPolar-0603 New Footprint=NonPolar-0603
Change Physical Footprint: Designator=R62 Old Footprint=NonPolar-0603 New Footprint=NonPolar-0603
Change Physical Footprint: Designator=R63 Old Footprint=NonPolar-0603 New Footprint=NonPolar-0603
Change Physical Footprint: Designator=R64 Old Footprint=NonPolar-0603 New Footprint=NonPolar-0603
Change Physical Footprint: Designator=R65 Old Footprint=NonPolar-0603 New Footprint=NonPolar-0603
Change Physical Footprint: Designator=R66 Old Footprint=NonPolar-0603 New Footprint=NonPolar-0603
Change Physical Footprint: Designator=R67 Old Footprint=NonPolar-0603 New Footprint=NonPolar-0603
Change Physical Footprint: Designator=R68 Old Footprint=NonPolar-0603 New Footprint=NonPolar-0603
Change Physical Footprint: Designator=R69 Old Footprint=NonPolar-0603 New Footprint=NonPolar-0603
Change Physical Footprint: Designator=R70 Old Footprint=NonPolar-0603 New Footprint=NonPolar-0603
Change Physical Footprint: Designator=R71 Old Footprint=NonPolar-0603 New Footprint=NonPolar-0603
Change Physical Footprint: Designator=R72 Old Footprint=NonPolar-0603 New Footprint=NonPolar-0603
Change Physical Footprint: Designator=R73 Old Footprint=NonPolar-0603 New Footprint=NonPolar-0603
Change Physical Footprint: Designator=R74 Old Footprint=NonPolar-0603 New Footprint=NonPolar-0603
Change Physical Footprint: Designator=R75 Old Footprint=NonPolar-0603 New Footprint=NonPolar-0603
Change Physical Footprint: Designator=R76 Old Footprint=NonPolar-0603 New Footprint=NonPolar-0603
Change Physical Footprint: Designator=R77 Old Footprint=NonPolar-0603 New Footprint=NonPolar-0603
Change Physical Footprint: Designator=R78 Old Footprint=NonPolar-0603 New Footprint=NonPolar-0603
Change Physical Footprint: Designator=R79 Old Footprint=NonPolar-0603 New Footprint=NonPolar-0603
Change Physical Footprint: Designator=R80 Old Footprint=NonPolar-0603 New Footprint=NonPolar-0603
Change Physical Footprint: Designator=R81 Old Footprint=NonPolar-0603 New Footprint=NonPolar-0603
Change Physical Footprint: Designator=R82 Old Footprint=NonPolar-0603 New Footprint=NonPolar-0603
Change Physical Footprint: Designator=R83 Old Footprint=NonPolar-0603 New Footprint=NonPolar-0603
Change Physical Footprint: Designator=R84 Old Footprint=NonPolar-0603 New Footprint=NonPolar-0603
Change Physical Footprint: Designator=R85 Old Footprint=NonPolar-0603 New Footprint=NonPolar-0603
Change Physical Footprint: Designator=R86 Old Footprint=NonPolar-0603 New Footprint=NonPolar-0603
Change Physical Footprint: Designator=R87 Old Footprint=NonPolar-0603 New Footprint=NonPolar-0603
Change Physical Footprint: Designator=R88 Old Footprint=NonPolar-0603 New Footprint=NonPolar-0603
Change Physical Footprint: Designator=R89 Old Footprint=NonPolar-0603 New Footprint=NonPolar-0603
Change Physical Footprint: Designator=R90 Old Footprint=NonPolar-0603 New Footprint=NonPolar-0603
Change Physical Footprint: Designator=R91 Old Footprint=NonPolar-0603 New Footprint=NonPolar-0603
Change Physical Footprint: Designator=R92 Old Footprint=NonPolar-0603 New Footprint=NonPolar-0603
Change Physical Footprint: Designator=R93 Old Footprint=NonPolar-0603 New Footprint=NonPolar-0603
Change Physical Footprint: Designator=R94 Old Footprint=NonPolar-0603 New Footprint=NonPolar-0603
Change Physical Footprint: Designator=R95 Old Footprint=NonPolar-0603 New Footprint=NonPolar-0603
Change Physical Footprint: Designator=R96 Old Footprint=NonPolar-0603 New Footprint=NonPolar-0603
Change Physical Footprint: Designator=R97 Old Footprint=NonPolar-0603 New Footprint=NonPolar-0603
Change Physical Footprint: Designator=R98 Old Footprint=NonPolar-0603 New Footprint=NonPolar-0603
Change Physical Footprint: Designator=R99 Old Footprint=NonPolar-0603 New Footprint=NonPolar-0603
Change Physical Footprint: Designator=R100 Old Footprint=NonPolar-0603 New Footprint=NonPolar-0603
Change Physical Footprint: Designator=R101 Old Footprint=NonPolar-0603 New Footprint=NonPolar-0603
Change Physical Footprint: Designator=R102 Old Footprint=NonPolar-0805 New Footprint=NonPolar-0805
Change Physical Footprint: Designator=R103 Old Footprint=NonPolar-0805 New Footprint=NonPolar-0805
Change Physical Footprint: Designator=R104 Old Footprint=NonPolar-0805 New Footprint=NonPolar-0805
Change Physical Footprint: Designator=R105 Old Footprint=NonPolar-0603 New Footprint=NonPolar-0603
Change Physical Footprint: Designator=R106 Old Footprint=NonPolar-0603 New Footprint=NonPolar-0603
Change Physical Footprint: Designator=R107 Old Footprint=NonPolar-0603 New Footprint=NonPolar-0603
Change Physical Footprint: Designator=R108 Old Footprint=NonPolar-0603 New Footprint=NonPolar-0603
Change Physical Footprint: Designator=R109 Old Footprint=NonPolar-0603 New Footprint=NonPolar-0603
Change Physical Footprint: Designator=R110 Old Footprint=NonPolar-0603 New Footprint=NonPolar-0603
Change Physical Footprint: Designator=R111 Old Footprint=NonPolar-0603 New Footprint=NonPolar-0603
Change Physical Footprint: Designator=R112 Old Footprint=NonPolar-0603 New Footprint=NonPolar-0603
Change Physical Footprint: Designator=R113 Old Footprint=NonPolar-0603 New Footprint=NonPolar-0603
Change Physical Footprint: Designator=R114 Old Footprint=NonPolar-0603 New Footprint=NonPolar-0603
Change Physical Footprint: Designator=R115 Old Footprint=NonPolar-0603 New Footprint=NonPolar-0603
Change Physical Footprint: Designator=R116 Old Footprint=NonPolar-0805 New Footprint=NonPolar-0805
Change Physical Footprint: Designator=R117 Old Footprint=NonPolar-0603 New Footprint=NonPolar-0603
Change Physical Footprint: Designator=R118 Old Footprint=NonPolar-0603 New Footprint=NonPolar-0603
Change Physical Footprint: Designator=R119 Old Footprint=NonPolar-0603 New Footprint=NonPolar-0603
Change Physical Footprint: Designator=R120 Old Footprint=NonPolar-0805 New Footprint=NonPolar-0805
Change Physical Footprint: Designator=R121 Old Footprint=NonPolar-0603 New Footprint=NonPolar-0603
Change Physical Footprint: Designator=R122 Old Footprint=NonPolar-0805 New Footprint=NonPolar-0805
Change Physical Footprint: Designator=R123 Old Footprint=NonPolar-0603 New Footprint=NonPolar-0603
Change Physical Footprint: Designator=R124 Old Footprint=NonPolar-0603 New Footprint=NonPolar-0603
Change Physical Footprint: Designator=R125 Old Footprint=NonPolar-0603 New Footprint=NonPolar-0603
Change Physical Footprint: Designator=R126 Old Footprint=NonPolar-0603 New Footprint=NonPolar-0603
Change Physical Footprint: Designator=R127 Old Footprint=NonPolar-0603 New Footprint=NonPolar-0603
Change Physical Footprint: Designator=S1 Old Footprint=Switch - 147873-1 New Footprint=Switch - 147873-1
Change Physical Footprint: Designator=SD1 Old Footprint=MOLX-104031-0811_V New Footprint=MOLX-104031-0811_V
Change Physical Footprint: Designator=TP1 Old Footprint=TP - S2751-46R New Footprint=TP - S2751-46R
Change Physical Footprint: Designator=TP2 Old Footprint=TP - S2751-46R New Footprint=TP - S2751-46R
Change Physical Footprint: Designator=TP3 Old Footprint=TP - S2751-46R New Footprint=TP - S2751-46R
Change Physical Footprint: Designator=TP4 Old Footprint=TP - S2751-46R New Footprint=TP - S2751-46R
Change Physical Footprint: Designator=TP5 Old Footprint=TP - S2751-46R New Footprint=TP - S2751-46R
Change Physical Footprint: Designator=TP6 Old Footprint=TP - S2751-46R New Footprint=TP - S2751-46R
Change Physical Footprint: Designator=TP7 Old Footprint=TP - S2751-46R New Footprint=TP - S2751-46R
Change Physical Footprint: Designator=TP8 Old Footprint=TP - S2751-46R New Footprint=TP - S2751-46R
Change Physical Footprint: Designator=TP9 Old Footprint=TP - S2751-46R New Footprint=TP - S2751-46R
Change Physical Footprint: Designator=TP10 Old Footprint=TP - S2751-46R New Footprint=TP - S2751-46R
Change Physical Footprint: Designator=TP11 Old Footprint=TP - S2751-46R New Footprint=TP - S2751-46R
Change Physical Footprint: Designator=TP12 Old Footprint=TP - S2751-46R New Footprint=TP - S2751-46R
Change Physical Footprint: Designator=TP13 Old Footprint=TP - S2751-46R New Footprint=TP - S2751-46R
Change Physical Footprint: Designator=TP14 Old Footprint=TP - S2751-46R New Footprint=TP - S2751-46R
Change Physical Footprint: Designator=TP15 Old Footprint=TP - S2751-46R New Footprint=TP - S2751-46R
Change Physical Footprint: Designator=TP16 Old Footprint=TP - S2751-46R New Footprint=TP - S2751-46R
Change Physical Footprint: Designator=TP17 Old Footprint=TP - S2751-46R New Footprint=TP - S2751-46R
Change Physical Footprint: Designator=TP18 Old Footprint=TP - S2751-46R New Footprint=TP - S2751-46R
Change Physical Footprint: Designator=TP19 Old Footprint=TP - S2751-46R New Footprint=TP - S2751-46R
Change Physical Footprint: Designator=U1 Old Footprint=PIC32MZ-FlatPack-144 Pin New Footprint=PIC32MZ-FlatPack-144 Pin
Change Physical Footprint: Designator=U2 Old Footprint=LAN8720A New Footprint=LAN8720A
Change Physical Footprint: Designator=U3 Old Footprint=MAXM-MAX485CSA+-8_M New Footprint=MAXM-MAX485CSA+-8_M
Change Physical Footprint: Designator=U4 Old Footprint=MAXM-MAX485CSA+-8_M New Footprint=MAXM-MAX485CSA+-8_M
Change Physical Footprint: Designator=U5 Old Footprint=MAXM-MAX485CSA+-8_M New Footprint=MAXM-MAX485CSA+-8_M
Change Physical Footprint: Designator=U6 Old Footprint=MAXM-MAX485CSA+-8_M New Footprint=MAXM-MAX485CSA+-8_M
Change Physical Footprint: Designator=U7 Old Footprint=MAXM-MAX485CSA+-8_M New Footprint=MAXM-MAX485CSA+-8_M
Change Physical Footprint: Designator=U8 Old Footprint=MAXM-MAX485CSA+-8_M New Footprint=MAXM-MAX485CSA+-8_M
Change Physical Footprint: Designator=U9 Old Footprint=HDC2080 New Footprint=HDC2080
Change Physical Footprint: Designator=U10 Old Footprint=DBV0005A_L New Footprint=DBV0005A_L
Change Physical Footprint: Designator=U11 Old Footprint=TPS562208DDCR New Footprint=TPS562208DDCR
Change Physical Footprint: Designator=U12 Old Footprint=TPS562208DDCR New Footprint=TPS562208DDCR
Change Physical Footprint: Designator=U13 Old Footprint=TPS562208DDCR New Footprint=TPS562208DDCR
Change Physical Footprint: Designator=Y1 Old Footprint=7A-25.000MAAJ-T New Footprint=7A-25.000MAAJ-T
Change Physical Footprint: Designator=Y2 Old Footprint=12MHz_DSC1001DE2-012.0000 New Footprint=12MHz_DSC1001DE2-012.0000
Change Physical Footprint: Designator=Y3 Old Footprint=32.768kHz_DSC6083JE2A-032K768 New Footprint=32.768kHz_DSC6083JE2A-032K768
